#
# A fatal error has been detected by the Java Runtime Environment:
#
#  SIGBUS (0xa) at pc=0x0000000105c23a09, pid=50952, tid=0x0000000000001003
#
# JRE version: Java(TM) SE Runtime Environment (8.0_281-b09) (build 1.8.0_281-b09)
# Java VM: Java HotSpot(TM) 64-Bit Server VM (25.281-b09 mixed mode bsd-amd64 compressed oops)
# Problematic frame:
# C  [libzip.dylib+0x3a09]  newEntry+0x5d
#
# Failed to write core dump. Core dumps have been disabled. To enable core dumping, try "ulimit -c unlimited" before starting Java again
#
# If you would like to submit a bug report, please visit:
#   http://bugreport.java.com/bugreport/crash.jsp
# The crash happened outside the Java Virtual Machine in native code.
# See problematic frame for where to report the bug.
#

---------------  T H R E A D  ---------------

Current thread (0x00007fa777017000):  JavaThread "main" [_thread_in_native, id=4099, stack(0x00007000039a8000,0x0000700003aa8000)]

siginfo: si_signo: 10 (SIGBUS), si_code: 2 (BUS_ADRERR), si_addr: 0x00000001241c2015

Registers:
RAX=0x0000000000000000, RBX=0x0000000000000000, RCX=0x0000000000000000, RDX=0x00007fa77de00000
RSP=0x0000700003a9f720, RBP=0x0000700003a9f7c0, RSI=0x0000000001000000, RDI=0x0000000000000299
R8 =0x0000000000002994, R9 =0x0000000000002998, R10=0x00000000ff0fffff, R11=0x00006ff887c0dfb8
R12=0x00007fa77de2d9b0, R13=0x00007fa776e2b000, R14=0x00007fa778334000, R15=0x00000001241c1ff9
RIP=0x0000000105c23a09, EFLAGS=0x0000000000010206, ERR=0x0000000000000004
  TRAPNO=0x000000000000000e

Top of Stack: (sp=0x0000700003a9f720)
0x0000700003a9f720:   0000700003aa0120 000000010959b6ee
0x0000700003a9f730:   000000077be91328 0000000000000000
0x0000700003a9f740:   0000000000000055 0000000000000000
0x0000700003a9f750:   000000077be911f8 0000000000000000
0x0000700003a9f760:   00000006c00388c8 00000000ffffffff
0x0000700003a9f770:   0000700003a9f7a0 000000010846d7f7
0x0000700003a9f780:   00000001087415b8 00007fa776e2b000
0x0000700003a9f790:   0000000000000014 000000005bbd78a2
0x0000700003a9f7a0:   0000000000000014 00007fa77d8f15d0
0x0000700003a9f7b0:   00007fa778334000 0000000000000000
0x0000700003a9f7c0:   0000700003a9f820 0000000105c238ad
0x0000700003a9f7d0:   0000700003a9f7f0 0000700003a9f840
0x0000700003a9f7e0:   0000000000000015 0000000103a9f840
0x0000700003a9f7f0:   00007fa776e2b000 0000000000000014
0x0000700003a9f800:   0000700003a9fc98 00007fa7770171f8
0x0000700003a9f810:   0000700003a9f840 00007fa776e2b000
0x0000700003a9f820:   0000700003a9fc80 0000000105c2225a
0x0000700003a9f830:   0000000000000015 0000000100000000
0x0000700003a9f840:   464e492d4154454d 534546494e414d2f
0x0000700003a9f850:   00000000464d2e54 0000000000000000
0x0000700003a9f860:   00000006c038f6a8 00000006c00388c8
0x0000700003a9f870:   000000077be90fa0 00000007ffffffff
0x0000700003a9f880:   0000000000000000 00000006c017cd00
0x0000700003a9f890:   00000006c006ff08 000000077be91700
0x0000700003a9f8a0:   00000006c0472930 000000077be915d0
0x0000700003a9f8b0:   0000700003aa0120 000000010959b6ee
0x0000700003a9f8c0:   0000700003aa0120 000000010957ff94
0x0000700003a9f8d0:   0000000000000040 0000000000000000
0x0000700003a9f8e0:   0000700003aa0120 00000001098e33e4
0x0000700003a9f8f0:   0000000000000000 000000077be916e8
0x0000700003a9f900:   0000000000000000 0000000000000000
0x0000700003a9f910:   0000700000000000 000000077be91540 

Instructions: (pc=0x0000000105c23a09)
0x0000000105c239e9:   24 28 41 80 7d 30 00 89 5d ac 0f 84 e7 00 00 00
0x0000000105c239f9:   4d 8b 7d 18 4d 03 7e 08 4d 2b 7d 28 4c 89 6d c8
0x0000000105c23a09:   41 0f b6 47 1c 41 0f b6 77 1d c1 e6 08 09 c6 41
0x0000000105c23a19:   0f b6 47 1e 89 45 b8 41 0f b6 47 1f 89 45 b0 41 

Register to memory mapping:

RAX=0x0000000000000000 is an unknown value
RBX=0x0000000000000000 is an unknown value
RCX=0x0000000000000000 is an unknown value
RDX=0x00007fa77de00000 is an unknown value
RSP=0x0000700003a9f720 is pointing into the stack for thread: 0x00007fa777017000
RBP=0x0000700003a9f7c0 is pointing into the stack for thread: 0x00007fa777017000
RSI=0x0000000001000000 is an unknown value
RDI=0x0000000000000299 is an unknown value
R8 =0x0000000000002994 is an unknown value
R9 =0x0000000000002998 is an unknown value
R10=0x00000000ff0fffff is an unknown value
R11=0x00006ff887c0dfb8 is an unknown value
R12=0x00007fa77de2d9b0 is an unknown value
R13=0x00007fa776e2b000 is an unknown value
R14=0x00007fa778334000 is an unknown value
R15=0x00000001241c1ff9 is an unknown value


Stack: [0x00007000039a8000,0x0000700003aa8000],  sp=0x0000700003a9f720,  free space=989k
Native frames: (J=compiled Java code, j=interpreted, Vv=VM code, C=native code)
C  [libzip.dylib+0x3a09]  newEntry+0x5d
C  [libzip.dylib+0x38ad]  ZIP_GetEntry2+0x123
C  [libzip.dylib+0x225a]  Java_java_util_zip_ZipFile_getEntry+0x96
J 900  java.util.zip.ZipFile.getEntry(J[BZ)J (0 bytes) @ 0x00000001096dc8ce [0x00000001096dc800+0xce]
J 906 C1 java.util.zip.ZipFile.getEntry(Ljava/lang/String;)Ljava/util/zip/ZipEntry; (120 bytes) @ 0x00000001096dde34 [0x00000001096ddce0+0x154]
J 905 C1 java.util.jar.JarFile.getEntry(Ljava/lang/String;)Ljava/util/zip/ZipEntry; (26 bytes) @ 0x00000001096dd84c [0x00000001096dd800+0x4c]
J 883 C1 sun.misc.URLClassPath$JarLoader.getResource(Ljava/lang/String;Z)Lsun/misc/Resource; (95 bytes) @ 0x00000001096d6d24 [0x00000001096d6c60+0xc4]
J 897 C1 sun.misc.URLClassPath$JarLoader.findResource(Ljava/lang/String;Z)Ljava/net/URL; (22 bytes) @ 0x00000001096dc054 [0x00000001096dc000+0x54]
J 3386 C1 sun.misc.URLClassPath$1.next()Z (63 bytes) @ 0x0000000109aeeb7c [0x0000000109aeeb00+0x7c]
J 10271 C1 sun.misc.URLClassPath$1.hasMoreElements()Z (9 bytes) @ 0x000000010a5b1dfc [0x000000010a5b1dc0+0x3c]
J 9302 C1 java.net.URLClassLoader$3$1.run()Ljava/net/URL; (37 bytes) @ 0x000000010a434e34 [0x000000010a434de0+0x54]
J 9301 C1 java.net.URLClassLoader$3$1.run()Ljava/lang/Object; (9 bytes) @ 0x000000010a434afc [0x000000010a434ac0+0x3c]
v  ~StubRoutines::call_stub
V  [libjvm.dylib+0x2d5599]
V  [libjvm.dylib+0x33933e]
J 3220  java.security.AccessController.doPrivileged(Ljava/security/PrivilegedAction;Ljava/security/AccessControlContext;)Ljava/lang/Object; (0 bytes) @ 0x0000000109ab2f95 [0x0000000109ab2ec0+0xd5]
J 6025 C1 java.net.URLClassLoader$3.next()Z (73 bytes) @ 0x0000000109ef53ec [0x0000000109ef52a0+0x14c]
J 7654 C1 java.net.URLClassLoader$3.hasMoreElements()Z (9 bytes) @ 0x000000010a1ac13c [0x000000010a1ac100+0x3c]
j  org.zeroturnaround.javarebel.integration.util.ResourceUtil.toURLs(Ljava/util/Enumeration;)[Ljava/net/URL;+15
J 10495 C1 org.zeroturnaround.javarebel.integration.util.ResourceUtil.findResources(Ljava/net/URLClassLoader;Ljava/lang/String;)[Ljava/net/URL; (45 bytes) @ 0x000000010a5ffa2c [0x000000010a5ff9a0+0x8c]
J 10494 C1 com.zeroturnaround.javarebel.aaj.getLocalResources(Ljava/lang/String;)[Lorg/zeroturnaround/javarebel/Resource; (14 bytes) @ 0x000000010a5ff5bc [0x000000010a5ff540+0x7c]
J 10720 C1 com.zeroturnaround.javarebel.aan.d(Ljava/lang/String;)[Lorg/zeroturnaround/javarebel/Resource; (73 bytes) @ 0x000000010a65a08c [0x000000010a659f60+0x12c]
J 10718 C1 com.zeroturnaround.javarebel.aan.a(Ljava/lang/String;)[Lorg/zeroturnaround/javarebel/Resource; (207 bytes) @ 0x000000010a6580cc [0x000000010a657f60+0x16c]
J 10499 C1 com.zeroturnaround.javarebel.yt.a(Ljava/lang/String;)[Lorg/zeroturnaround/javarebel/Resource; (66 bytes) @ 0x000000010a602c24 [0x000000010a602ac0+0x164]
J 10498 C1 com.zeroturnaround.javarebel.yt.a(Ljava/lang/String;)Ljava/util/Enumeration; (358 bytes) @ 0x000000010a6009f4 [0x000000010a600780+0x274]
J 9298 C1 java.net.URLClassLoader.findResources(Ljava/lang/String;)Ljava/util/Enumeration; (58 bytes) @ 0x000000010a432284 [0x000000010a431fc0+0x2c4]
J 9810 C1 java.lang.ClassLoader.getResources(Ljava/lang/String;)Ljava/util/Enumeration; (69 bytes) @ 0x000000010a4f2264 [0x000000010a4f1f80+0x2e4]
j  org.redisson.Version.logVersion()V+7
j  org.redisson.connection.MasterSlaveConnectionManager.<init>(Lorg/redisson/config/Config;Ljava/util/UUID;)V+97
j  org.redisson.connection.MasterSlaveConnectionManager.<init>(Lorg/redisson/config/MasterSlaveServersConfig;Lorg/redisson/config/Config;Ljava/util/UUID;)V+3
j  org.redisson.connection.SingleConnectionManager.<init>(Lorg/redisson/config/SingleServerConfig;Lorg/redisson/config/Config;Ljava/util/UUID;)V+7
j  org.redisson.config.ConfigSupport.createConnectionManager(Lorg/redisson/config/Config;)Lorg/redisson/connection/ConnectionManager;+56
j  org.redisson.Redisson.<init>(Lorg/redisson/config/Config;)V+53
j  org.redisson.Redisson.create(Lorg/redisson/config/Config;)Lorg/redisson/api/RedissonClient;+5
j  org.redisson.spring.starter.RedissonAutoConfiguration.redisson()Lorg/redisson/api/RedissonClient;+612
j  org.redisson.spring.starter.RedissonAutoConfiguration$$EnhancerBySpringCGLIB$$1.CGLIB$redisson$1()Lorg/redisson/api/RedissonClient;+1
j  org.redisson.spring.starter.RedissonAutoConfiguration$$EnhancerBySpringCGLIB$$1$$FastClassBySpringCGLIB$$1.invoke(ILjava/lang/Object;[Ljava/lang/Object;)Ljava/lang/Object;+256
j  org.springframework.cglib.proxy.MethodProxy.invokeSuper(Ljava/lang/Object;[Ljava/lang/Object;)Ljava/lang/Object;+23
j  org.springframework.context.annotation.ConfigurationClassEnhancer$BeanMethodInterceptor.intercept(Ljava/lang/Object;Ljava/lang/reflect/Method;[Ljava/lang/Object;Lorg/springframework/cglib/proxy/MethodProxy;)Ljava/lang/Object;+273
j  org.redisson.spring.starter.RedissonAutoConfiguration$$EnhancerBySpringCGLIB$$1.redisson()Lorg/redisson/api/RedissonClient;+31
v  ~StubRoutines::call_stub
V  [libjvm.dylib+0x2d5599]
V  [libjvm.dylib+0x4db2ab]
V  [libjvm.dylib+0x4dbf7a]
V  [libjvm.dylib+0x3471e9]
J 5138  sun.reflect.NativeMethodAccessorImpl.invoke0(Ljava/lang/reflect/Method;Ljava/lang/Object;[Ljava/lang/Object;)Ljava/lang/Object; (0 bytes) @ 0x0000000109d7db6d [0x0000000109d7da80+0xed]
J 5137 C1 sun.reflect.NativeMethodAccessorImpl.invoke(Ljava/lang/Object;[Ljava/lang/Object;)Ljava/lang/Object; (104 bytes) @ 0x0000000109d7d07c [0x0000000109d7cc40+0x43c]
J 3713 C1 sun.reflect.DelegatingMethodAccessorImpl.invoke(Ljava/lang/Object;[Ljava/lang/Object;)Ljava/lang/Object; (10 bytes) @ 0x0000000109b5dbe4 [0x0000000109b5db80+0x64]
J 4184 C1 com.zeroturnaround.jrebelbase.facade.Forward.methodInvoke(Lcom/zeroturnaround/jrebelbase/k;Ljava/lang/Object;[Ljava/lang/Object;Ljava/lang/reflect/Method;)Ljava/lang/Object; (48 bytes) @ 0x0000000109c0ed2c [0x0000000109c0eca0+0x8c]
J 4183 C1 java.lang.reflect.Method.invoke(Ljava/lang/Object;[Ljava/lang/Object;)Ljava/lang/Object; (69 bytes) @ 0x0000000109c0e804 [0x0000000109c0e680+0x184]
j  org.springframework.beans.factory.support.SimpleInstantiationStrategy.instantiate(Lorg/springframework/beans/factory/support/RootBeanDefinition;Ljava/lang/String;Lorg/springframework/beans/factory/BeanFactory;Ljava/lang/Object;Ljava/lang/reflect/Method;[Ljava/lang/Object;)Ljava/lang/Object;+57
j  org.springframework.beans.factory.support.ConstructorResolver.instantiate(Ljava/lang/String;Lorg/springframework/beans/factory/support/RootBeanDefinition;Ljava/lang/Object;Ljava/lang/reflect/Method;[Ljava/lang/Object;)Ljava/lang/Object;+48
j  org.springframework.beans.factory.support.ConstructorResolver.instantiateUsingFactoryMethod(Ljava/lang/String;Lorg/springframework/beans/factory/support/RootBeanDefinition;[Ljava/lang/Object;)Lorg/springframework/beans/BeanWrapper;+521
j  org.springframework.beans.factory.support.AbstractAutowireCapableBeanFactory.instantiateUsingFactoryMethod(Ljava/lang/String;Lorg/springframework/beans/factory/support/RootBeanDefinition;[Ljava/lang/Object;)Lorg/springframework/beans/BeanWrapper;+15
j  org.springframework.beans.factory.support.AbstractAutowireCapableBeanFactory.createBeanInstance(Ljava/lang/String;Lorg/springframework/beans/factory/support/RootBeanDefinition;[Ljava/lang/Object;)Lorg/springframework/beans/BeanWrapper;+114
j  org.springframework.beans.factory.support.AbstractAutowireCapableBeanFactory.doCreateBean(Ljava/lang/String;Lorg/springframework/beans/factory/support/RootBeanDefinition;[Ljava/lang/Object;)Ljava/lang/Object;+157
j  org.springframework.beans.factory.support.AbstractAutowireCapableBeanFactory.createBean(Ljava/lang/String;Lorg/springframework/beans/factory/support/RootBeanDefinition;[Ljava/lang/Object;)Ljava/lang/Object;+187
j  org.springframework.beans.factory.support.AbstractBeanFactory.lambda$doGetBean$0(Ljava/lang/String;Lorg/springframework/beans/factory/support/RootBeanDefinition;[Ljava/lang/Object;)Ljava/lang/Object;+4
j  org.springframework.beans.factory.support.AbstractBeanFactory$$Lambda$193.getObject()Ljava/lang/Object;+16
j  org.springframework.beans.factory.support.DefaultSingletonBeanRegistry.getSingleton(Ljava/lang/String;Lorg/springframework/beans/factory/ObjectFactory;)Ljava/lang/Object;+145
J 7401 C1 org.springframework.beans.factory.support.AbstractBeanFactory.doGetBean(Ljava/lang/String;Ljava/lang/Class;[Ljava/lang/Object;Z)Ljava/lang/Object; (1498 bytes) @ 0x000000010a11e94c [0x000000010a11e600+0x34c]
j  org.springframework.beans.factory.support.AbstractBeanFactory.getBean(Ljava/lang/String;)Ljava/lang/Object;+9
j  org.springframework.beans.factory.config.DependencyDescriptor.resolveCandidate(Ljava/lang/String;Ljava/lang/Class;Lorg/springframework/beans/factory/BeanFactory;)Ljava/lang/Object;+6
j  org.springframework.beans.factory.support.DefaultListableBeanFactory.doResolveDependency(Lorg/springframework/beans/factory/config/DependencyDescriptor;Ljava/lang/String;Ljava/util/Set;Lorg/springframework/beans/TypeConverter;)Ljava/lang/Object;+450
j  org.springframework.beans.factory.support.DefaultListableBeanFactory.resolveDependency(Lorg/springframework/beans/factory/config/DependencyDescriptor;Ljava/lang/String;Ljava/util/Set;Lorg/springframework/beans/TypeConverter;)Ljava/lang/Object;+124
j  org.springframework.beans.factory.support.ConstructorResolver.resolveAutowiredArgument(Lorg/springframework/core/MethodParameter;Ljava/lang/String;Ljava/util/Set;Lorg/springframework/beans/TypeConverter;Z)Ljava/lang/Object;+96
j  org.springframework.beans.factory.support.ConstructorResolver.createArgumentArray(Ljava/lang/String;Lorg/springframework/beans/factory/support/RootBeanDefinition;Lorg/springframework/beans/factory/config/ConstructorArgumentValues;Lorg/springframework/beans/BeanWrapper;[Ljava/lang/Class;[Ljava/lang/String;Ljava/lang/reflect/Executable;ZZ)Lorg/springframework/beans/factory/support/ConstructorResolver$ArgumentsHolder;+466
j  org.springframework.beans.factory.support.ConstructorResolver.instantiateUsingFactoryMethod(Ljava/lang/String;Lorg/springframework/beans/factory/support/RootBeanDefinition;[Ljava/lang/Object;)Lorg/springframework/beans/BeanWrapper;+775
j  org.springframework.beans.factory.support.AbstractAutowireCapableBeanFactory.instantiateUsingFactoryMethod(Ljava/lang/String;Lorg/springframework/beans/factory/support/RootBeanDefinition;[Ljava/lang/Object;)Lorg/springframework/beans/BeanWrapper;+15
j  org.springframework.beans.factory.support.AbstractAutowireCapableBeanFactory.createBeanInstance(Ljava/lang/String;Lorg/springframework/beans/factory/support/RootBeanDefinition;[Ljava/lang/Object;)Lorg/springframework/beans/BeanWrapper;+114
j  org.springframework.beans.factory.support.AbstractAutowireCapableBeanFactory.doCreateBean(Ljava/lang/String;Lorg/springframework/beans/factory/support/RootBeanDefinition;[Ljava/lang/Object;)Ljava/lang/Object;+157
j  org.springframework.beans.factory.support.AbstractAutowireCapableBeanFactory.createBean(Ljava/lang/String;Lorg/springframework/beans/factory/support/RootBeanDefinition;[Ljava/lang/Object;)Ljava/lang/Object;+187
j  org.springframework.beans.factory.support.AbstractBeanFactory.lambda$doGetBean$0(Ljava/lang/String;Lorg/springframework/beans/factory/support/RootBeanDefinition;[Ljava/lang/Object;)Ljava/lang/Object;+4
j  org.springframework.beans.factory.support.AbstractBeanFactory$$Lambda$193.getObject()Ljava/lang/Object;+16
j  org.springframework.beans.factory.support.DefaultSingletonBeanRegistry.getSingleton(Ljava/lang/String;Lorg/springframework/beans/factory/ObjectFactory;)Ljava/lang/Object;+145
J 7401 C1 org.springframework.beans.factory.support.AbstractBeanFactory.doGetBean(Ljava/lang/String;Ljava/lang/Class;[Ljava/lang/Object;Z)Ljava/lang/Object; (1498 bytes) @ 0x000000010a11e94c [0x000000010a11e600+0x34c]
j  org.springframework.beans.factory.support.AbstractBeanFactory.getBean(Ljava/lang/String;)Ljava/lang/Object;+9
j  org.springframework.beans.factory.config.DependencyDescriptor.resolveCandidate(Ljava/lang/String;Ljava/lang/Class;Lorg/springframework/beans/factory/BeanFactory;)Ljava/lang/Object;+6
j  org.springframework.beans.factory.support.DefaultListableBeanFactory.doResolveDependency(Lorg/springframework/beans/factory/config/DependencyDescriptor;Ljava/lang/String;Ljava/util/Set;Lorg/springframework/beans/TypeConverter;)Ljava/lang/Object;+450
j  org.springframework.beans.factory.support.DefaultListableBeanFactory.resolveDependency(Lorg/springframework/beans/factory/config/DependencyDescriptor;Ljava/lang/String;Ljava/util/Set;Lorg/springframework/beans/TypeConverter;)Ljava/lang/Object;+124
j  org.springframework.beans.factory.support.ConstructorResolver.resolveAutowiredArgument(Lorg/springframework/core/MethodParameter;Ljava/lang/String;Ljava/util/Set;Lorg/springframework/beans/TypeConverter;Z)Ljava/lang/Object;+96
j  org.springframework.beans.factory.support.ConstructorResolver.createArgumentArray(Ljava/lang/String;Lorg/springframework/beans/factory/support/RootBeanDefinition;Lorg/springframework/beans/factory/config/ConstructorArgumentValues;Lorg/springframework/beans/BeanWrapper;[Ljava/lang/Class;[Ljava/lang/String;Ljava/lang/reflect/Executable;ZZ)Lorg/springframework/beans/factory/support/ConstructorResolver$ArgumentsHolder;+466
j  org.springframework.beans.factory.support.ConstructorResolver.instantiateUsingFactoryMethod(Ljava/lang/String;Lorg/springframework/beans/factory/support/RootBeanDefinition;[Ljava/lang/Object;)Lorg/springframework/beans/BeanWrapper;+775
j  org.springframework.beans.factory.support.AbstractAutowireCapableBeanFactory.instantiateUsingFactoryMethod(Ljava/lang/String;Lorg/springframework/beans/factory/support/RootBeanDefinition;[Ljava/lang/Object;)Lorg/springframework/beans/BeanWrapper;+15
j  org.springframework.beans.factory.support.AbstractAutowireCapableBeanFactory.createBeanInstance(Ljava/lang/String;Lorg/springframework/beans/factory/support/RootBeanDefinition;[Ljava/lang/Object;)Lorg/springframework/beans/BeanWrapper;+114
j  org.springframework.beans.factory.support.AbstractAutowireCapableBeanFactory.doCreateBean(Ljava/lang/String;Lorg/springframework/beans/factory/support/RootBeanDefinition;[Ljava/lang/Object;)Ljava/lang/Object;+157
j  org.springframework.beans.factory.support.AbstractAutowireCapableBeanFactory.createBean(Ljava/lang/String;Lorg/springframework/beans/factory/support/RootBeanDefinition;[Ljava/lang/Object;)Ljava/lang/Object;+187
j  org.springframework.beans.factory.support.AbstractBeanFactory.lambda$doGetBean$0(Ljava/lang/String;Lorg/springframework/beans/factory/support/RootBeanDefinition;[Ljava/lang/Object;)Ljava/lang/Object;+4
j  org.springframework.beans.factory.support.AbstractBeanFactory$$Lambda$193.getObject()Ljava/lang/Object;+16
j  org.springframework.beans.factory.support.DefaultSingletonBeanRegistry.getSingleton(Ljava/lang/String;Lorg/springframework/beans/factory/ObjectFactory;)Ljava/lang/Object;+145
J 7401 C1 org.springframework.beans.factory.support.AbstractBeanFactory.doGetBean(Ljava/lang/String;Ljava/lang/Class;[Ljava/lang/Object;Z)Ljava/lang/Object; (1498 bytes) @ 0x000000010a11e94c [0x000000010a11e600+0x34c]
J 6901 C1 org.springframework.beans.factory.support.AbstractBeanFactory.getBean(Ljava/lang/String;Ljava/lang/Class;)Ljava/lang/Object; (13 bytes) @ 0x000000010a0544e4 [0x000000010a054480+0x64]
j  org.springframework.beans.factory.support.AbstractAutowireCapableBeanFactory.resolveBeanByName(Ljava/lang/String;Lorg/springframework/beans/factory/config/DependencyDescriptor;)Ljava/lang/Object;+15
j  org.springframework.context.annotation.CommonAnnotationBeanPostProcessor.autowireResource(Lorg/springframework/beans/factory/BeanFactory;Lorg/springframework/context/annotation/CommonAnnotationBeanPostProcessor$LookupElement;Ljava/lang/String;)Ljava/lang/Object;+121
j  org.springframework.context.annotation.CommonAnnotationBeanPostProcessor.getResource(Lorg/springframework/context/annotation/CommonAnnotationBeanPostProcessor$LookupElement;Ljava/lang/String;)Ljava/lang/Object;+91
j  org.springframework.context.annotation.CommonAnnotationBeanPostProcessor$ResourceElement.getResourceToInject(Ljava/lang/Object;Ljava/lang/String;)Ljava/lang/Object;+29
j  org.springframework.beans.factory.annotation.InjectionMetadata$InjectedElement.inject(Ljava/lang/Object;Ljava/lang/String;Lorg/springframework/beans/PropertyValues;)V+31
j  org.springframework.beans.factory.annotation.InjectionMetadata.inject(Ljava/lang/Object;Ljava/lang/String;Lorg/springframework/beans/PropertyValues;)V+162
j  org.springframework.context.annotation.CommonAnnotationBeanPostProcessor.postProcessProperties(Lorg/springframework/beans/PropertyValues;Ljava/lang/Object;Ljava/lang/String;)Lorg/springframework/beans/PropertyValues;+25
J 9121 C1 org.springframework.beans.factory.support.AbstractAutowireCapableBeanFactory.populateBean(Ljava/lang/String;Lorg/springframework/beans/factory/support/RootBeanDefinition;Lorg/springframework/beans/BeanWrapper;)V (573 bytes) @ 0x000000010a3f3eb4 [0x000000010a3f3280+0xc34]
...<more frames>...

Java frames: (J=compiled Java code, j=interpreted, Vv=VM code)
J 900  java.util.zip.ZipFile.getEntry(J[BZ)J (0 bytes) @ 0x00000001096dc858 [0x00000001096dc800+0x58]
J 906 C1 java.util.zip.ZipFile.getEntry(Ljava/lang/String;)Ljava/util/zip/ZipEntry; (120 bytes) @ 0x00000001096dde34 [0x00000001096ddce0+0x154]
J 905 C1 java.util.jar.JarFile.getEntry(Ljava/lang/String;)Ljava/util/zip/ZipEntry; (26 bytes) @ 0x00000001096dd84c [0x00000001096dd800+0x4c]
J 883 C1 sun.misc.URLClassPath$JarLoader.getResource(Ljava/lang/String;Z)Lsun/misc/Resource; (95 bytes) @ 0x00000001096d6d24 [0x00000001096d6c60+0xc4]
J 897 C1 sun.misc.URLClassPath$JarLoader.findResource(Ljava/lang/String;Z)Ljava/net/URL; (22 bytes) @ 0x00000001096dc054 [0x00000001096dc000+0x54]
J 3386 C1 sun.misc.URLClassPath$1.next()Z (63 bytes) @ 0x0000000109aeeb7c [0x0000000109aeeb00+0x7c]
J 10271 C1 sun.misc.URLClassPath$1.hasMoreElements()Z (9 bytes) @ 0x000000010a5b1dfc [0x000000010a5b1dc0+0x3c]
J 9302 C1 java.net.URLClassLoader$3$1.run()Ljava/net/URL; (37 bytes) @ 0x000000010a434e34 [0x000000010a434de0+0x54]
J 9301 C1 java.net.URLClassLoader$3$1.run()Ljava/lang/Object; (9 bytes) @ 0x000000010a434afc [0x000000010a434ac0+0x3c]
v  ~StubRoutines::call_stub
J 3220  java.security.AccessController.doPrivileged(Ljava/security/PrivilegedAction;Ljava/security/AccessControlContext;)Ljava/lang/Object; (0 bytes) @ 0x0000000109ab2f23 [0x0000000109ab2ec0+0x63]
J 6025 C1 java.net.URLClassLoader$3.next()Z (73 bytes) @ 0x0000000109ef53ec [0x0000000109ef52a0+0x14c]
J 7654 C1 java.net.URLClassLoader$3.hasMoreElements()Z (9 bytes) @ 0x000000010a1ac13c [0x000000010a1ac100+0x3c]
j  org.zeroturnaround.javarebel.integration.util.ResourceUtil.toURLs(Ljava/util/Enumeration;)[Ljava/net/URL;+15
J 10495 C1 org.zeroturnaround.javarebel.integration.util.ResourceUtil.findResources(Ljava/net/URLClassLoader;Ljava/lang/String;)[Ljava/net/URL; (45 bytes) @ 0x000000010a5ffa2c [0x000000010a5ff9a0+0x8c]
J 10494 C1 com.zeroturnaround.javarebel.aaj.getLocalResources(Ljava/lang/String;)[Lorg/zeroturnaround/javarebel/Resource; (14 bytes) @ 0x000000010a5ff5bc [0x000000010a5ff540+0x7c]
J 10720 C1 com.zeroturnaround.javarebel.aan.d(Ljava/lang/String;)[Lorg/zeroturnaround/javarebel/Resource; (73 bytes) @ 0x000000010a65a08c [0x000000010a659f60+0x12c]
J 10718 C1 com.zeroturnaround.javarebel.aan.a(Ljava/lang/String;)[Lorg/zeroturnaround/javarebel/Resource; (207 bytes) @ 0x000000010a6580cc [0x000000010a657f60+0x16c]
J 10499 C1 com.zeroturnaround.javarebel.yt.a(Ljava/lang/String;)[Lorg/zeroturnaround/javarebel/Resource; (66 bytes) @ 0x000000010a602c24 [0x000000010a602ac0+0x164]
J 10498 C1 com.zeroturnaround.javarebel.yt.a(Ljava/lang/String;)Ljava/util/Enumeration; (358 bytes) @ 0x000000010a6009f4 [0x000000010a600780+0x274]
J 9298 C1 java.net.URLClassLoader.findResources(Ljava/lang/String;)Ljava/util/Enumeration; (58 bytes) @ 0x000000010a432284 [0x000000010a431fc0+0x2c4]
J 9810 C1 java.lang.ClassLoader.getResources(Ljava/lang/String;)Ljava/util/Enumeration; (69 bytes) @ 0x000000010a4f2264 [0x000000010a4f1f80+0x2e4]
j  org.redisson.Version.logVersion()V+7
j  org.redisson.connection.MasterSlaveConnectionManager.<init>(Lorg/redisson/config/Config;Ljava/util/UUID;)V+97
j  org.redisson.connection.MasterSlaveConnectionManager.<init>(Lorg/redisson/config/MasterSlaveServersConfig;Lorg/redisson/config/Config;Ljava/util/UUID;)V+3
j  org.redisson.connection.SingleConnectionManager.<init>(Lorg/redisson/config/SingleServerConfig;Lorg/redisson/config/Config;Ljava/util/UUID;)V+7
j  org.redisson.config.ConfigSupport.createConnectionManager(Lorg/redisson/config/Config;)Lorg/redisson/connection/ConnectionManager;+56
j  org.redisson.Redisson.<init>(Lorg/redisson/config/Config;)V+53
j  org.redisson.Redisson.create(Lorg/redisson/config/Config;)Lorg/redisson/api/RedissonClient;+5
j  org.redisson.spring.starter.RedissonAutoConfiguration.redisson()Lorg/redisson/api/RedissonClient;+612
j  org.redisson.spring.starter.RedissonAutoConfiguration$$EnhancerBySpringCGLIB$$1.CGLIB$redisson$1()Lorg/redisson/api/RedissonClient;+1
j  org.redisson.spring.starter.RedissonAutoConfiguration$$EnhancerBySpringCGLIB$$1$$FastClassBySpringCGLIB$$1.invoke(ILjava/lang/Object;[Ljava/lang/Object;)Ljava/lang/Object;+256
j  org.springframework.cglib.proxy.MethodProxy.invokeSuper(Ljava/lang/Object;[Ljava/lang/Object;)Ljava/lang/Object;+23
j  org.springframework.context.annotation.ConfigurationClassEnhancer$BeanMethodInterceptor.intercept(Ljava/lang/Object;Ljava/lang/reflect/Method;[Ljava/lang/Object;Lorg/springframework/cglib/proxy/MethodProxy;)Ljava/lang/Object;+273
j  org.redisson.spring.starter.RedissonAutoConfiguration$$EnhancerBySpringCGLIB$$1.redisson()Lorg/redisson/api/RedissonClient;+31
v  ~StubRoutines::call_stub
J 5138  sun.reflect.NativeMethodAccessorImpl.invoke0(Ljava/lang/reflect/Method;Ljava/lang/Object;[Ljava/lang/Object;)Ljava/lang/Object; (0 bytes) @ 0x0000000109d7daf7 [0x0000000109d7da80+0x77]
J 5137 C1 sun.reflect.NativeMethodAccessorImpl.invoke(Ljava/lang/Object;[Ljava/lang/Object;)Ljava/lang/Object; (104 bytes) @ 0x0000000109d7d07c [0x0000000109d7cc40+0x43c]
J 3713 C1 sun.reflect.DelegatingMethodAccessorImpl.invoke(Ljava/lang/Object;[Ljava/lang/Object;)Ljava/lang/Object; (10 bytes) @ 0x0000000109b5dbe4 [0x0000000109b5db80+0x64]
J 4184 C1 com.zeroturnaround.jrebelbase.facade.Forward.methodInvoke(Lcom/zeroturnaround/jrebelbase/k;Ljava/lang/Object;[Ljava/lang/Object;Ljava/lang/reflect/Method;)Ljava/lang/Object; (48 bytes) @ 0x0000000109c0ed2c [0x0000000109c0eca0+0x8c]
J 4183 C1 java.lang.reflect.Method.invoke(Ljava/lang/Object;[Ljava/lang/Object;)Ljava/lang/Object; (69 bytes) @ 0x0000000109c0e804 [0x0000000109c0e680+0x184]
j  org.springframework.beans.factory.support.SimpleInstantiationStrategy.instantiate(Lorg/springframework/beans/factory/support/RootBeanDefinition;Ljava/lang/String;Lorg/springframework/beans/factory/BeanFactory;Ljava/lang/Object;Ljava/lang/reflect/Method;[Ljava/lang/Object;)Ljava/lang/Object;+57
j  org.springframework.beans.factory.support.ConstructorResolver.instantiate(Ljava/lang/String;Lorg/springframework/beans/factory/support/RootBeanDefinition;Ljava/lang/Object;Ljava/lang/reflect/Method;[Ljava/lang/Object;)Ljava/lang/Object;+48
j  org.springframework.beans.factory.support.ConstructorResolver.instantiateUsingFactoryMethod(Ljava/lang/String;Lorg/springframework/beans/factory/support/RootBeanDefinition;[Ljava/lang/Object;)Lorg/springframework/beans/BeanWrapper;+521
j  org.springframework.beans.factory.support.AbstractAutowireCapableBeanFactory.instantiateUsingFactoryMethod(Ljava/lang/String;Lorg/springframework/beans/factory/support/RootBeanDefinition;[Ljava/lang/Object;)Lorg/springframework/beans/BeanWrapper;+15
j  org.springframework.beans.factory.support.AbstractAutowireCapableBeanFactory.createBeanInstance(Ljava/lang/String;Lorg/springframework/beans/factory/support/RootBeanDefinition;[Ljava/lang/Object;)Lorg/springframework/beans/BeanWrapper;+114
j  org.springframework.beans.factory.support.AbstractAutowireCapableBeanFactory.doCreateBean(Ljava/lang/String;Lorg/springframework/beans/factory/support/RootBeanDefinition;[Ljava/lang/Object;)Ljava/lang/Object;+157
j  org.springframework.beans.factory.support.AbstractAutowireCapableBeanFactory.createBean(Ljava/lang/String;Lorg/springframework/beans/factory/support/RootBeanDefinition;[Ljava/lang/Object;)Ljava/lang/Object;+187
j  org.springframework.beans.factory.support.AbstractBeanFactory.lambda$doGetBean$0(Ljava/lang/String;Lorg/springframework/beans/factory/support/RootBeanDefinition;[Ljava/lang/Object;)Ljava/lang/Object;+4
j  org.springframework.beans.factory.support.AbstractBeanFactory$$Lambda$193.getObject()Ljava/lang/Object;+16
j  org.springframework.beans.factory.support.DefaultSingletonBeanRegistry.getSingleton(Ljava/lang/String;Lorg/springframework/beans/factory/ObjectFactory;)Ljava/lang/Object;+145
J 7401 C1 org.springframework.beans.factory.support.AbstractBeanFactory.doGetBean(Ljava/lang/String;Ljava/lang/Class;[Ljava/lang/Object;Z)Ljava/lang/Object; (1498 bytes) @ 0x000000010a11e94c [0x000000010a11e600+0x34c]
j  org.springframework.beans.factory.support.AbstractBeanFactory.getBean(Ljava/lang/String;)Ljava/lang/Object;+9
j  org.springframework.beans.factory.config.DependencyDescriptor.resolveCandidate(Ljava/lang/String;Ljava/lang/Class;Lorg/springframework/beans/factory/BeanFactory;)Ljava/lang/Object;+6
j  org.springframework.beans.factory.support.DefaultListableBeanFactory.doResolveDependency(Lorg/springframework/beans/factory/config/DependencyDescriptor;Ljava/lang/String;Ljava/util/Set;Lorg/springframework/beans/TypeConverter;)Ljava/lang/Object;+450
j  org.springframework.beans.factory.support.DefaultListableBeanFactory.resolveDependency(Lorg/springframework/beans/factory/config/DependencyDescriptor;Ljava/lang/String;Ljava/util/Set;Lorg/springframework/beans/TypeConverter;)Ljava/lang/Object;+124
j  org.springframework.beans.factory.support.ConstructorResolver.resolveAutowiredArgument(Lorg/springframework/core/MethodParameter;Ljava/lang/String;Ljava/util/Set;Lorg/springframework/beans/TypeConverter;Z)Ljava/lang/Object;+96
j  org.springframework.beans.factory.support.ConstructorResolver.createArgumentArray(Ljava/lang/String;Lorg/springframework/beans/factory/support/RootBeanDefinition;Lorg/springframework/beans/factory/config/ConstructorArgumentValues;Lorg/springframework/beans/BeanWrapper;[Ljava/lang/Class;[Ljava/lang/String;Ljava/lang/reflect/Executable;ZZ)Lorg/springframework/beans/factory/support/ConstructorResolver$ArgumentsHolder;+466
j  org.springframework.beans.factory.support.ConstructorResolver.instantiateUsingFactoryMethod(Ljava/lang/String;Lorg/springframework/beans/factory/support/RootBeanDefinition;[Ljava/lang/Object;)Lorg/springframework/beans/BeanWrapper;+775
j  org.springframework.beans.factory.support.AbstractAutowireCapableBeanFactory.instantiateUsingFactoryMethod(Ljava/lang/String;Lorg/springframework/beans/factory/support/RootBeanDefinition;[Ljava/lang/Object;)Lorg/springframework/beans/BeanWrapper;+15
j  org.springframework.beans.factory.support.AbstractAutowireCapableBeanFactory.createBeanInstance(Ljava/lang/String;Lorg/springframework/beans/factory/support/RootBeanDefinition;[Ljava/lang/Object;)Lorg/springframework/beans/BeanWrapper;+114
j  org.springframework.beans.factory.support.AbstractAutowireCapableBeanFactory.doCreateBean(Ljava/lang/String;Lorg/springframework/beans/factory/support/RootBeanDefinition;[Ljava/lang/Object;)Ljava/lang/Object;+157
j  org.springframework.beans.factory.support.AbstractAutowireCapableBeanFactory.createBean(Ljava/lang/String;Lorg/springframework/beans/factory/support/RootBeanDefinition;[Ljava/lang/Object;)Ljava/lang/Object;+187
j  org.springframework.beans.factory.support.AbstractBeanFactory.lambda$doGetBean$0(Ljava/lang/String;Lorg/springframework/beans/factory/support/RootBeanDefinition;[Ljava/lang/Object;)Ljava/lang/Object;+4
j  org.springframework.beans.factory.support.AbstractBeanFactory$$Lambda$193.getObject()Ljava/lang/Object;+16
j  org.springframework.beans.factory.support.DefaultSingletonBeanRegistry.getSingleton(Ljava/lang/String;Lorg/springframework/beans/factory/ObjectFactory;)Ljava/lang/Object;+145
J 7401 C1 org.springframework.beans.factory.support.AbstractBeanFactory.doGetBean(Ljava/lang/String;Ljava/lang/Class;[Ljava/lang/Object;Z)Ljava/lang/Object; (1498 bytes) @ 0x000000010a11e94c [0x000000010a11e600+0x34c]
j  org.springframework.beans.factory.support.AbstractBeanFactory.getBean(Ljava/lang/String;)Ljava/lang/Object;+9
j  org.springframework.beans.factory.config.DependencyDescriptor.resolveCandidate(Ljava/lang/String;Ljava/lang/Class;Lorg/springframework/beans/factory/BeanFactory;)Ljava/lang/Object;+6
j  org.springframework.beans.factory.support.DefaultListableBeanFactory.doResolveDependency(Lorg/springframework/beans/factory/config/DependencyDescriptor;Ljava/lang/String;Ljava/util/Set;Lorg/springframework/beans/TypeConverter;)Ljava/lang/Object;+450
j  org.springframework.beans.factory.support.DefaultListableBeanFactory.resolveDependency(Lorg/springframework/beans/factory/config/DependencyDescriptor;Ljava/lang/String;Ljava/util/Set;Lorg/springframework/beans/TypeConverter;)Ljava/lang/Object;+124
j  org.springframework.beans.factory.support.ConstructorResolver.resolveAutowiredArgument(Lorg/springframework/core/MethodParameter;Ljava/lang/String;Ljava/util/Set;Lorg/springframework/beans/TypeConverter;Z)Ljava/lang/Object;+96
j  org.springframework.beans.factory.support.ConstructorResolver.createArgumentArray(Ljava/lang/String;Lorg/springframework/beans/factory/support/RootBeanDefinition;Lorg/springframework/beans/factory/config/ConstructorArgumentValues;Lorg/springframework/beans/BeanWrapper;[Ljava/lang/Class;[Ljava/lang/String;Ljava/lang/reflect/Executable;ZZ)Lorg/springframework/beans/factory/support/ConstructorResolver$ArgumentsHolder;+466
j  org.springframework.beans.factory.support.ConstructorResolver.instantiateUsingFactoryMethod(Ljava/lang/String;Lorg/springframework/beans/factory/support/RootBeanDefinition;[Ljava/lang/Object;)Lorg/springframework/beans/BeanWrapper;+775
j  org.springframework.beans.factory.support.AbstractAutowireCapableBeanFactory.instantiateUsingFactoryMethod(Ljava/lang/String;Lorg/springframework/beans/factory/support/RootBeanDefinition;[Ljava/lang/Object;)Lorg/springframework/beans/BeanWrapper;+15
j  org.springframework.beans.factory.support.AbstractAutowireCapableBeanFactory.createBeanInstance(Ljava/lang/String;Lorg/springframework/beans/factory/support/RootBeanDefinition;[Ljava/lang/Object;)Lorg/springframework/beans/BeanWrapper;+114
j  org.springframework.beans.factory.support.AbstractAutowireCapableBeanFactory.doCreateBean(Ljava/lang/String;Lorg/springframework/beans/factory/support/RootBeanDefinition;[Ljava/lang/Object;)Ljava/lang/Object;+157
j  org.springframework.beans.factory.support.AbstractAutowireCapableBeanFactory.createBean(Ljava/lang/String;Lorg/springframework/beans/factory/support/RootBeanDefinition;[Ljava/lang/Object;)Ljava/lang/Object;+187
j  org.springframework.beans.factory.support.AbstractBeanFactory.lambda$doGetBean$0(Ljava/lang/String;Lorg/springframework/beans/factory/support/RootBeanDefinition;[Ljava/lang/Object;)Ljava/lang/Object;+4
j  org.springframework.beans.factory.support.AbstractBeanFactory$$Lambda$193.getObject()Ljava/lang/Object;+16
j  org.springframework.beans.factory.support.DefaultSingletonBeanRegistry.getSingleton(Ljava/lang/String;Lorg/springframework/beans/factory/ObjectFactory;)Ljava/lang/Object;+145
J 7401 C1 org.springframework.beans.factory.support.AbstractBeanFactory.doGetBean(Ljava/lang/String;Ljava/lang/Class;[Ljava/lang/Object;Z)Ljava/lang/Object; (1498 bytes) @ 0x000000010a11e94c [0x000000010a11e600+0x34c]
J 6901 C1 org.springframework.beans.factory.support.AbstractBeanFactory.getBean(Ljava/lang/String;Ljava/lang/Class;)Ljava/lang/Object; (13 bytes) @ 0x000000010a0544e4 [0x000000010a054480+0x64]
j  org.springframework.beans.factory.support.AbstractAutowireCapableBeanFactory.resolveBeanByName(Ljava/lang/String;Lorg/springframework/beans/factory/config/DependencyDescriptor;)Ljava/lang/Object;+15
j  org.springframework.context.annotation.CommonAnnotationBeanPostProcessor.autowireResource(Lorg/springframework/beans/factory/BeanFactory;Lorg/springframework/context/annotation/CommonAnnotationBeanPostProcessor$LookupElement;Ljava/lang/String;)Ljava/lang/Object;+121
j  org.springframework.context.annotation.CommonAnnotationBeanPostProcessor.getResource(Lorg/springframework/context/annotation/CommonAnnotationBeanPostProcessor$LookupElement;Ljava/lang/String;)Ljava/lang/Object;+91
j  org.springframework.context.annotation.CommonAnnotationBeanPostProcessor$ResourceElement.getResourceToInject(Ljava/lang/Object;Ljava/lang/String;)Ljava/lang/Object;+29
j  org.springframework.beans.factory.annotation.InjectionMetadata$InjectedElement.inject(Ljava/lang/Object;Ljava/lang/String;Lorg/springframework/beans/PropertyValues;)V+31
j  org.springframework.beans.factory.annotation.InjectionMetadata.inject(Ljava/lang/Object;Ljava/lang/String;Lorg/springframework/beans/PropertyValues;)V+162
j  org.springframework.context.annotation.CommonAnnotationBeanPostProcessor.postProcessProperties(Lorg/springframework/beans/PropertyValues;Ljava/lang/Object;Ljava/lang/String;)Lorg/springframework/beans/PropertyValues;+25
J 9121 C1 org.springframework.beans.factory.support.AbstractAutowireCapableBeanFactory.populateBean(Ljava/lang/String;Lorg/springframework/beans/factory/support/RootBeanDefinition;Lorg/springframework/beans/BeanWrapper;)V (573 bytes) @ 0x000000010a3f3eb4 [0x000000010a3f3280+0xc34]
j  org.springframework.beans.factory.support.AbstractAutowireCapableBeanFactory.doCreateBean(Ljava/lang/String;Lorg/springframework/beans/factory/support/RootBeanDefinition;[Ljava/lang/Object;)Ljava/lang/Object;+378
j  org.springframework.beans.factory.support.AbstractAutowireCapableBeanFactory.createBean(Ljava/lang/String;Lorg/springframework/beans/factory/support/RootBeanDefinition;[Ljava/lang/Object;)Ljava/lang/Object;+187
j  org.springframework.beans.factory.support.AbstractBeanFactory.lambda$doGetBean$0(Ljava/lang/String;Lorg/springframework/beans/factory/support/RootBeanDefinition;[Ljava/lang/Object;)Ljava/lang/Object;+4
j  org.springframework.beans.factory.support.AbstractBeanFactory$$Lambda$193.getObject()Ljava/lang/Object;+16
j  org.springframework.beans.factory.support.DefaultSingletonBeanRegistry.getSingleton(Ljava/lang/String;Lorg/springframework/beans/factory/ObjectFactory;)Ljava/lang/Object;+145
J 7401 C1 org.springframework.beans.factory.support.AbstractBeanFactory.doGetBean(Ljava/lang/String;Ljava/lang/Class;[Ljava/lang/Object;Z)Ljava/lang/Object; (1498 bytes) @ 0x000000010a11e94c [0x000000010a11e600+0x34c]
j  org.springframework.beans.factory.support.AbstractBeanFactory.getBean(Ljava/lang/String;)Ljava/lang/Object;+9
j  org.springframework.beans.factory.config.DependencyDescriptor.resolveCandidate(Ljava/lang/String;Ljava/lang/Class;Lorg/springframework/beans/factory/BeanFactory;)Ljava/lang/Object;+6
j  org.springframework.beans.factory.support.DefaultListableBeanFactory.doResolveDependency(Lorg/springframework/beans/factory/config/DependencyDescriptor;Ljava/lang/String;Ljava/util/Set;Lorg/springframework/beans/TypeConverter;)Ljava/lang/Object;+450
j  org.springframework.beans.factory.support.DefaultListableBeanFactory.resolveDependency(Lorg/springframework/beans/factory/config/DependencyDescriptor;Ljava/lang/String;Ljava/util/Set;Lorg/springframework/beans/TypeConverter;)Ljava/lang/Object;+124
j  org.springframework.context.annotation.CommonAnnotationBeanPostProcessor.autowireResource(Lorg/springframework/beans/factory/BeanFactory;Lorg/springframework/context/annotation/CommonAnnotationBeanPostProcessor$LookupElement;Ljava/lang/String;)Ljava/lang/Object;+83
j  org.springframework.context.annotation.CommonAnnotationBeanPostProcessor.getResource(Lorg/springframework/context/annotation/CommonAnnotationBeanPostProcessor$LookupElement;Ljava/lang/String;)Ljava/lang/Object;+91
j  org.springframework.context.annotation.CommonAnnotationBeanPostProcessor$ResourceElement.getResourceToInject(Ljava/lang/Object;Ljava/lang/String;)Ljava/lang/Object;+29
j  org.springframework.beans.factory.annotation.InjectionMetadata$InjectedElement.inject(Ljava/lang/Object;Ljava/lang/String;Lorg/springframework/beans/PropertyValues;)V+31
j  org.springframework.beans.factory.annotation.InjectionMetadata.inject(Ljava/lang/Object;Ljava/lang/String;Lorg/springframework/beans/PropertyValues;)V+162
j  org.springframework.context.annotation.CommonAnnotationBeanPostProcessor.postProcessProperties(Lorg/springframework/beans/PropertyValues;Ljava/lang/Object;Ljava/lang/String;)Lorg/springframework/beans/PropertyValues;+25
J 9121 C1 org.springframework.beans.factory.support.AbstractAutowireCapableBeanFactory.populateBean(Ljava/lang/String;Lorg/springframework/beans/factory/support/RootBeanDefinition;Lorg/springframework/beans/BeanWrapper;)V (573 bytes) @ 0x000000010a3f3eb4 [0x000000010a3f3280+0xc34]
j  org.springframework.beans.factory.support.AbstractAutowireCapableBeanFactory.doCreateBean(Ljava/lang/String;Lorg/springframework/beans/factory/support/RootBeanDefinition;[Ljava/lang/Object;)Ljava/lang/Object;+378
j  org.springframework.beans.factory.support.AbstractAutowireCapableBeanFactory.createBean(Ljava/lang/String;Lorg/springframework/beans/factory/support/RootBeanDefinition;[Ljava/lang/Object;)Ljava/lang/Object;+187
j  org.springframework.beans.factory.support.AbstractBeanFactory.lambda$doGetBean$0(Ljava/lang/String;Lorg/springframework/beans/factory/support/RootBeanDefinition;[Ljava/lang/Object;)Ljava/lang/Object;+4
j  org.springframework.beans.factory.support.AbstractBeanFactory$$Lambda$193.getObject()Ljava/lang/Object;+16
j  org.springframework.beans.factory.support.DefaultSingletonBeanRegistry.getSingleton(Ljava/lang/String;Lorg/springframework/beans/factory/ObjectFactory;)Ljava/lang/Object;+145
J 7401 C1 org.springframework.beans.factory.support.AbstractBeanFactory.doGetBean(Ljava/lang/String;Ljava/lang/Class;[Ljava/lang/Object;Z)Ljava/lang/Object; (1498 bytes) @ 0x000000010a11e94c [0x000000010a11e600+0x34c]
j  org.springframework.beans.factory.support.AbstractBeanFactory.getBean(Ljava/lang/String;)Ljava/lang/Object;+9
j  org.springframework.beans.factory.config.DependencyDescriptor.resolveCandidate(Ljava/lang/String;Ljava/lang/Class;Lorg/springframework/beans/factory/BeanFactory;)Ljava/lang/Object;+6
j  org.springframework.beans.factory.support.DefaultListableBeanFactory.doResolveDependency(Lorg/springframework/beans/factory/config/DependencyDescriptor;Ljava/lang/String;Ljava/util/Set;Lorg/springframework/beans/TypeConverter;)Ljava/lang/Object;+450
j  org.springframework.beans.factory.support.DefaultListableBeanFactory.resolveDependency(Lorg/springframework/beans/factory/config/DependencyDescriptor;Ljava/lang/String;Ljava/util/Set;Lorg/springframework/beans/TypeConverter;)Ljava/lang/Object;+124
j  org.springframework.context.annotation.CommonAnnotationBeanPostProcessor.autowireResource(Lorg/springframework/beans/factory/BeanFactory;Lorg/springframework/context/annotation/CommonAnnotationBeanPostProcessor$LookupElement;Ljava/lang/String;)Ljava/lang/Object;+83
j  org.springframework.context.annotation.CommonAnnotationBeanPostProcessor.getResource(Lorg/springframework/context/annotation/CommonAnnotationBeanPostProcessor$LookupElement;Ljava/lang/String;)Ljava/lang/Object;+91
j  org.springframework.context.annotation.CommonAnnotationBeanPostProcessor$ResourceElement.getResourceToInject(Ljava/lang/Object;Ljava/lang/String;)Ljava/lang/Object;+29
j  org.springframework.beans.factory.annotation.InjectionMetadata$InjectedElement.inject(Ljava/lang/Object;Ljava/lang/String;Lorg/springframework/beans/PropertyValues;)V+31
j  org.springframework.beans.factory.annotation.InjectionMetadata.inject(Ljava/lang/Object;Ljava/lang/String;Lorg/springframework/beans/PropertyValues;)V+162
j  org.springframework.context.annotation.CommonAnnotationBeanPostProcessor.postProcessProperties(Lorg/springframework/beans/PropertyValues;Ljava/lang/Object;Ljava/lang/String;)Lorg/springframework/beans/PropertyValues;+25
j  org.springframework.beans.factory.support.AbstractAutowireCapableBeanFactory.populateBean(Ljava/lang/String;Lorg/springframework/beans/factory/support/RootBeanDefinition;Lorg/springframework/beans/BeanWrapper;)V+440
j  org.springframework.beans.factory.support.AbstractAutowireCapableBeanFactory.doCreateBean(Ljava/lang/String;Lorg/springframework/beans/factory/support/RootBeanDefinition;[Ljava/lang/Object;)Ljava/lang/Object;+378
j  org.springframework.beans.factory.support.AbstractAutowireCapableBeanFactory.createBean(Ljava/lang/String;Lorg/springframework/beans/factory/support/RootBeanDefinition;[Ljava/lang/Object;)Ljava/lang/Object;+187
j  org.springframework.beans.factory.support.AbstractBeanFactory.lambda$doGetBean$0(Ljava/lang/String;Lorg/springframework/beans/factory/support/RootBeanDefinition;[Ljava/lang/Object;)Ljava/lang/Object;+4
j  org.springframework.beans.factory.support.AbstractBeanFactory$$Lambda$193.getObject()Ljava/lang/Object;+16
j  org.springframework.beans.factory.support.DefaultSingletonBeanRegistry.getSingleton(Ljava/lang/String;Lorg/springframework/beans/factory/ObjectFactory;)Ljava/lang/Object;+145
J 7401 C1 org.springframework.beans.factory.support.AbstractBeanFactory.doGetBean(Ljava/lang/String;Ljava/lang/Class;[Ljava/lang/Object;Z)Ljava/lang/Object; (1498 bytes) @ 0x000000010a11e94c [0x000000010a11e600+0x34c]
j  org.springframework.beans.factory.support.AbstractBeanFactory.getBean(Ljava/lang/String;)Ljava/lang/Object;+9
j  org.springframework.beans.factory.support.DefaultListableBeanFactory.preInstantiateSingletons()V+295
j  org.springframework.context.support.AbstractApplicationContext.finishBeanFactoryInitialization(Lorg/springframework/beans/factory/config/ConfigurableListableBeanFactory;)V+140
j  org.springframework.context.support.AbstractApplicationContext.__refresh()V+61
j  org.springframework.context.support.AbstractApplicationContext.jrLockAndRefresh(Lorg/springframework/beans/JrBeanReloader;)V+6
j  org.springframework.context.support.AbstractApplicationContext.refresh()V+75
j  org.springframework.boot.web.servlet.context.ServletWebServerApplicationContext.refresh()V+1
j  org.springframework.boot.SpringApplication.refresh(Lorg/springframework/context/ConfigurableApplicationContext;)V+5
j  org.springframework.boot.SpringApplication.refresh(Lorg/springframework/context/ApplicationContext;)V+22
j  org.springframework.boot.SpringApplication.refreshContext(Lorg/springframework/context/ConfigurableApplicationContext;)V+19
j  org.springframework.boot.SpringApplication.run([Ljava/lang/String;)Lorg/springframework/context/ConfigurableApplicationContext;+128
j  org.springframework.boot.SpringApplication.run([Ljava/lang/Class;[Ljava/lang/String;)Lorg/springframework/context/ConfigurableApplicationContext;+9
j  org.springframework.boot.SpringApplication.run(Ljava/lang/Class;[Ljava/lang/String;)Lorg/springframework/context/ConfigurableApplicationContext;+9
j  com.chaoxing.activity.ActivityApiApplication.main([Ljava/lang/String;)V+13
v  ~StubRoutines::call_stub

---------------  P R O C E S S  ---------------

Java Threads: ( => current thread )
  0x00007fa77e02f800 JavaThread "Druid-ConnectionPool-Destroy-953771711" daemon [_thread_blocked, id=35587, stack(0x00007000067b5000,0x00007000068b5000)]
  0x00007fa77be73000 JavaThread "Druid-ConnectionPool-Create-953771711" daemon [_thread_blocked, id=27395, stack(0x00007000066b2000,0x00007000067b2000)]
  0x00007fa77be72000 JavaThread "mysql-cj-abandoned-connection-cleanup" daemon [_thread_blocked, id=35851, stack(0x00007000065af000,0x00007000066af000)]
  0x00007fa77c4c8000 JavaThread "container-0" [_thread_blocked, id=36355, stack(0x00007000064ac000,0x00007000065ac000)]
  0x00007fa77b73e000 JavaThread "Catalina-utility-2" [_thread_blocked, id=26883, stack(0x00007000063a9000,0x00007000064a9000)]
  0x00007fa77b737000 JavaThread "Catalina-utility-1" [_thread_blocked, id=16923, stack(0x00007000060a0000,0x00007000061a0000)]
  0x00007fa77ad92000 JavaThread "RMI TCP Connection(3)-192.168.3.183" daemon [_thread_in_native, id=26163, stack(0x0000700005f9d000,0x000070000609d000)]
  0x00007fa77b61b000 JavaThread "RMI Scheduler(0)" daemon [_thread_blocked, id=25883, stack(0x0000700005e9a000,0x0000700005f9a000)]
  0x00007fa77b61a000 JavaThread "RMI TCP Connection(2)-192.168.3.183" daemon [_thread_in_native, id=37903, stack(0x0000700005d97000,0x0000700005e97000)]
  0x00007fa77aef8800 JavaThread "Attach Listener" daemon [_thread_blocked, id=25639, stack(0x0000700005682000,0x0000700005782000)]
  0x00007fa77c0da000 JavaThread "Log4j2-TF-5-Scheduled-1" daemon [_thread_blocked, id=13067, stack(0x000070000495b000,0x0000700004a5b000)]
  0x00007fa77762b800 JavaThread "rebel-IDENotificationsImpl-PostCycle" daemon [_thread_blocked, id=26371, stack(0x00007000062a6000,0x00007000063a6000)]
  0x00007fa77760e000 JavaThread "rebel-messaging-executor-57" daemon [_thread_blocked, id=38919, stack(0x00007000061a3000,0x00007000062a3000)]
  0x00007fa777eb1000 JavaThread "process reaper" daemon [_thread_blocked, id=37635, stack(0x00007000041c0000,0x00007000041e8000)]
  0x00007fa777e70800 JavaThread "RMI TCP Accept-0" daemon [_thread_in_native, id=39683, stack(0x0000700005b91000,0x0000700005c91000)]
  0x00007fa7785df800 JavaThread "Service Thread" daemon [_thread_blocked, id=24835, stack(0x0000700005a8e000,0x0000700005b8e000)]
  0x00007fa7773f4800 JavaThread "C1 CompilerThread2" daemon [_thread_blocked, id=24579, stack(0x000070000598b000,0x0000700005a8b000)]
  0x00007fa7773d1800 JavaThread "C2 CompilerThread1" daemon [_thread_blocked, id=40195, stack(0x0000700005888000,0x0000700005988000)]
  0x00007fa778d01800 JavaThread "C2 CompilerThread0" daemon [_thread_blocked, id=40707, stack(0x0000700005785000,0x0000700005885000)]
  0x00007fa7785bf000 JavaThread "pool-3-thread-1" daemon [_thread_blocked, id=12039, stack(0x000070000557f000,0x000070000567f000)]
  0x00007fa778ce2800 JavaThread "rebel-change-detector-thread" daemon [_thread_blocked, id=41219, stack(0x000070000547c000,0x000070000557c000)]
  0x00007fa778cf1000 JavaThread "rebel-debugger-thread" daemon [_thread_blocked, id=23555, stack(0x0000700005379000,0x0000700005479000)]
  0x00007fa778cf0800 JavaThread "rebel-debugger-attach-notifier" daemon [_thread_blocked, id=41731, stack(0x0000700005276000,0x0000700005376000)]
  0x00007fa777378800 JavaThread "rebel-heartbeat-thread" daemon [_thread_blocked, id=42243, stack(0x0000700005173000,0x0000700005273000)]
  0x00007fa778ccc000 JavaThread "rebel-redeploy-thread" daemon [_thread_blocked, id=17415, stack(0x0000700004a5e000,0x0000700004b5e000)]
  0x00007fa777374000 JavaThread "rebel-leaseManager-1" daemon [_thread_blocked, id=17159, stack(0x0000700004858000,0x0000700004958000)]
  0x00007fa7784b7800 JavaThread "rebel-weak-reaper" daemon [_thread_blocked, id=15879, stack(0x0000700004755000,0x0000700004855000)]
  0x00007fa778a84800 JavaThread "rebel-fsnotify-OutputReader" daemon [_thread_in_native, id=22535, stack(0x0000700004e95000,0x0000700004f95000)]
  0x00007fa778a56000 JavaThread "rebel-fsnotify-OutputReader" daemon [_thread_in_native, id=22791, stack(0x0000700004d92000,0x0000700004e92000)]
  0x00007fa7784b7000 JavaThread "rebel-fsnotify-ShutdownOnTermination" daemon [_thread_blocked, id=23303, stack(0x0000700004c8f000,0x0000700004d8f000)]
  0x00007fa77840d800 JavaThread "process reaper" daemon [_thread_in_native, id=43271, stack(0x0000700004c64000,0x0000700004c8c000)]
  0x00007fa777993000 JavaThread "rebel-logger" daemon [_thread_blocked, id=42755, stack(0x0000700005070000,0x0000700005170000)]
  0x00007fa7770d4000 JavaThread "rebel-CacheKeepAlive" daemon [_thread_blocked, id=16131, stack(0x0000700004b61000,0x0000700004c61000)]
  0x00007fa777036800 JavaThread "JDWP Command Reader" daemon [_thread_in_native, id=15107, stack(0x0000700004652000,0x0000700004752000)]
  0x00007fa778833800 JavaThread "JDWP Event Helper Thread" daemon [_thread_blocked, id=18179, stack(0x000070000454f000,0x000070000464f000)]
  0x00007fa77802e800 JavaThread "JDWP Transport Listener: dt_socket" daemon [_thread_blocked, id=18439, stack(0x000070000444c000,0x000070000454c000)]
  0x00007fa77880a800 JavaThread "Signal Dispatcher" daemon [_thread_blocked, id=18951, stack(0x0000700004349000,0x0000700004449000)]
  0x00007fa777823000 JavaThread "Finalizer" daemon [_thread_blocked, id=20483, stack(0x00007000040bd000,0x00007000041bd000)]
  0x00007fa777812000 JavaThread "Reference Handler" daemon [_thread_blocked, id=20995, stack(0x0000700003fba000,0x00007000040ba000)]
=>0x00007fa777017000 JavaThread "main" [_thread_in_native, id=4099, stack(0x00007000039a8000,0x0000700003aa8000)]

Other Threads:
  0x00007fa77701a800 VMThread [stack: 0x0000700003eb7000,0x0000700003fb7000] [id=11011]
  0x00007fa7787af000 WatcherThread [stack: 0x0000700005c94000,0x0000700005d94000] [id=39427]

VM state:not at safepoint (normal execution)

VM Mutex/Monitor currently owned by a thread: None

heap address: 0x00000006c0000000, size: 4096 MB, Compressed Oops mode: Zero based, Oop shift amount: 3
Narrow klass base: 0x0000000000000000, Narrow klass shift: 3
Compressed class space size: 1073741824 Address: 0x00000007c0000000

Heap:
 PSYoungGen      total 368640K, used 299978K [0x000000076ab00000, 0x0000000785e80000, 0x00000007c0000000)
  eden space 354816K, 80% used [0x000000076ab00000,0x000000077c2787b8,0x0000000780580000)
  from space 13824K, 99% used [0x0000000780580000,0x00000007812fa3f0,0x0000000781300000)
  to   space 16384K, 0% used [0x0000000784e80000,0x0000000784e80000,0x0000000785e80000)
 ParOldGen       total 159232K, used 37250K [0x00000006c0000000, 0x00000006c9b80000, 0x000000076ab00000)
  object space 159232K, 23% used [0x00000006c0000000,0x00000006c24608c0,0x00000006c9b80000)
 Metaspace       used 83029K, capacity 86975K, committed 87168K, reserved 1126400K
  class space    used 10262K, capacity 11014K, committed 11136K, reserved 1048576K

Card table byte_map: [0x0000000118454000,0x0000000118c55000] byte_map_base: 0x0000000114e54000

Marking Bits: (ParMarkBitMap*) 0x0000000108728488
 Begin Bits: [0x00000001191ab000, 0x000000011d1ab000)
 End Bits:   [0x000000011d1ab000, 0x00000001211ab000)

Polling page: 0x0000000105b29000

CodeCache: size=245760Kb used=19336Kb max_used=19336Kb free=226423Kb
 bounds [0x0000000109454000, 0x000000010a744000, 0x0000000118454000]
 total_blobs=11790 nmethods=11132 adapters=577
 compilation: enabled

Compilation events (10 events):
Event: 37.139 Thread 0x00007fa7773f4800 11358       1       org.jetbrains.capture.org.objectweb.asm.Item::_jr$ig$next (8 bytes)
Event: 37.139 Thread 0x00007fa7773f4800 nmethod 11358 0x000000010a736790 code [0x000000010a7368e0, 0x000000010a736a10]
Event: 37.142 Thread 0x00007fa7773f4800 11359       1       org.jetbrains.capture.org.objectweb.asm.Item::_jr$ig$type (8 bytes)
Event: 37.142 Thread 0x00007fa7773f4800 nmethod 11359 0x000000010a736ad0 code [0x000000010a736c20, 0x000000010a736d50]
Event: 37.143 Thread 0x00007fa7773f4800 11360       1       org.jetbrains.capture.org.objectweb.asm.ByteVector::_jr$ig$data (8 bytes)
Event: 37.143 Thread 0x00007fa7773f4800 nmethod 11360 0x000000010a736e10 code [0x000000010a736f60, 0x000000010a737090]
Event: 37.143 Thread 0x00007fa7773f4800 11361       1       org.jetbrains.capture.org.objectweb.asm.ByteVector::_jr$ig$length (8 bytes)
Event: 37.143 Thread 0x00007fa7773f4800 nmethod 11361 0x000000010a737150 code [0x000000010a7372a0, 0x000000010a7373d0]
Event: 37.183 Thread 0x00007fa7773f4800 11362 %     1       java.util.Arrays::fill @ 5 (21 bytes)
Event: 37.183 Thread 0x00007fa7773f4800 nmethod 11362% 0x000000010a737490 code [0x000000010a737600, 0x000000010a7377b0]

GC Heap History (10 events):
Event: 23.356 GC heap before
{Heap before GC invocations=22 (full 3):
 PSYoungGen      total 269312K, used 258560K [0x000000076ab00000, 0x000000077bf00000, 0x00000007c0000000)
  eden space 258560K, 100% used [0x000000076ab00000,0x000000077a780000,0x000000077a780000)
  from space 10752K, 0% used [0x000000077b200000,0x000000077b200000,0x000000077bc80000)
  to   space 10752K, 0% used [0x000000077a780000,0x000000077a780000,0x000000077b200000)
 ParOldGen       total 159232K, used 30379K [0x00000006c0000000, 0x00000006c9b80000, 0x000000076ab00000)
  object space 159232K, 19% used [0x00000006c0000000,0x00000006c1daacb8,0x00000006c9b80000)
 Metaspace       used 60247K, capacity 62531K, committed 62720K, reserved 1103872K
  class space    used 7601K, capacity 8163K, committed 8192K, reserved 1048576K
Event: 23.363 GC heap after
Heap after GC invocations=22 (full 3):
 PSYoungGen      total 269312K, used 6350K [0x000000076ab00000, 0x000000077e980000, 0x00000007c0000000)
  eden space 258560K, 0% used [0x000000076ab00000,0x000000076ab00000,0x000000077a780000)
  from space 10752K, 59% used [0x000000077a780000,0x000000077adb3ad8,0x000000077b200000)
  to   space 10752K, 0% used [0x000000077df00000,0x000000077df00000,0x000000077e980000)
 ParOldGen       total 159232K, used 30387K [0x00000006c0000000, 0x00000006c9b80000, 0x000000076ab00000)
  object space 159232K, 19% used [0x00000006c0000000,0x00000006c1daccb8,0x00000006c9b80000)
 Metaspace       used 60247K, capacity 62531K, committed 62720K, reserved 1103872K
  class space    used 7601K, capacity 8163K, committed 8192K, reserved 1048576K
}
Event: 25.340 GC heap before
{Heap before GC invocations=23 (full 3):
 PSYoungGen      total 269312K, used 264910K [0x000000076ab00000, 0x000000077e980000, 0x00000007c0000000)
  eden space 258560K, 100% used [0x000000076ab00000,0x000000077a780000,0x000000077a780000)
  from space 10752K, 59% used [0x000000077a780000,0x000000077adb3ad8,0x000000077b200000)
  to   space 10752K, 0% used [0x000000077df00000,0x000000077df00000,0x000000077e980000)
 ParOldGen       total 159232K, used 30387K [0x00000006c0000000, 0x00000006c9b80000, 0x000000076ab00000)
  object space 159232K, 19% used [0x00000006c0000000,0x00000006c1daccb8,0x00000006c9b80000)
 Metaspace       used 64451K, capacity 66963K, committed 67200K, reserved 1107968K
  class space    used 8178K, capacity 8768K, committed 8832K, reserved 1048576K
Event: 25.361 GC heap after
Heap after GC invocations=23 (full 3):
 PSYoungGen      total 314368K, used 9568K [0x000000076ab00000, 0x000000077eb00000, 0x00000007c0000000)
  eden space 303616K, 0% used [0x000000076ab00000,0x000000076ab00000,0x000000077d380000)
  from space 10752K, 88% used [0x000000077df00000,0x000000077e858208,0x000000077e980000)
  to   space 11776K, 0% used [0x000000077d380000,0x000000077d380000,0x000000077df00000)
 ParOldGen       total 159232K, used 30395K [0x00000006c0000000, 0x00000006c9b80000, 0x000000076ab00000)
  object space 159232K, 19% used [0x00000006c0000000,0x00000006c1daecb8,0x00000006c9b80000)
 Metaspace       used 64451K, capacity 66963K, committed 67200K, reserved 1107968K
  class space    used 8178K, capacity 8768K, committed 8832K, reserved 1048576K
}
Event: 28.471 GC heap before
{Heap before GC invocations=24 (full 3):
 PSYoungGen      total 314368K, used 313184K [0x000000076ab00000, 0x000000077eb00000, 0x00000007c0000000)
  eden space 303616K, 100% used [0x000000076ab00000,0x000000077d380000,0x000000077d380000)
  from space 10752K, 88% used [0x000000077df00000,0x000000077e858208,0x000000077e980000)
  to   space 11776K, 0% used [0x000000077d380000,0x000000077d380000,0x000000077df00000)
 ParOldGen       total 159232K, used 30395K [0x00000006c0000000, 0x00000006c9b80000, 0x000000076ab00000)
  object space 159232K, 19% used [0x00000006c0000000,0x00000006c1daecb8,0x00000006c9b80000)
 Metaspace       used 69331K, capacity 72463K, committed 72704K, reserved 1112064K
  class space    used 8760K, capacity 9444K, committed 9472K, reserved 1048576K
Event: 28.500 GC heap after
Heap after GC invocations=24 (full 3):
 PSYoungGen      total 315392K, used 11773K [0x000000076ab00000, 0x0000000782000000, 0x00000007c0000000)
  eden space 303616K, 0% used [0x000000076ab00000,0x000000076ab00000,0x000000077d380000)
  from space 11776K, 99% used [0x000000077d380000,0x000000077deff7d0,0x000000077df00000)
  to   space 13312K, 0% used [0x0000000781300000,0x0000000781300000,0x0000000782000000)
 ParOldGen       total 159232K, used 30741K [0x00000006c0000000, 0x00000006c9b80000, 0x000000076ab00000)
  object space 159232K, 19% used [0x00000006c0000000,0x00000006c1e05660,0x00000006c9b80000)
 Metaspace       used 69331K, capacity 72463K, committed 72704K, reserved 1112064K
  class space    used 8760K, capacity 9444K, committed 9472K, reserved 1048576K
}
Event: 31.325 GC heap before
{Heap before GC invocations=25 (full 3):
 PSYoungGen      total 315392K, used 315389K [0x000000076ab00000, 0x0000000782000000, 0x00000007c0000000)
  eden space 303616K, 100% used [0x000000076ab00000,0x000000077d380000,0x000000077d380000)
  from space 11776K, 99% used [0x000000077d380000,0x000000077deff7d0,0x000000077df00000)
  to   space 13312K, 0% used [0x0000000781300000,0x0000000781300000,0x0000000782000000)
 ParOldGen       total 159232K, used 30741K [0x00000006c0000000, 0x00000006c9b80000, 0x000000076ab00000)
  object space 159232K, 19% used [0x00000006c0000000,0x00000006c1e05660,0x00000006c9b80000)
 Metaspace       used 74379K, capacity 77929K, committed 78208K, reserved 1118208K
  class space    used 9288K, capacity 10009K, committed 10112K, reserved 1048576K
Event: 31.355 GC heap after
Heap after GC invocations=25 (full 3):
 PSYoungGen      total 368128K, used 10687K [0x000000076ab00000, 0x0000000782100000, 0x00000007c0000000)
  eden space 354816K, 0% used [0x000000076ab00000,0x000000076ab00000,0x0000000780580000)
  from space 13312K, 80% used [0x0000000781300000,0x0000000781d6fcf0,0x0000000782000000)
  to   space 13824K, 0% used [0x0000000780580000,0x0000000780580000,0x0000000781300000)
 ParOldGen       total 159232K, used 36106K [0x00000006c0000000, 0x00000006c9b80000, 0x000000076ab00000)
  object space 159232K, 22% used [0x00000006c0000000,0x00000006c2342a30,0x00000006c9b80000)
 Metaspace       used 74379K, capacity 77929K, committed 78208K, reserved 1118208K
  class space    used 9288K, capacity 10009K, committed 10112K, reserved 1048576K
}
Event: 34.684 GC heap before
{Heap before GC invocations=26 (full 3):
 PSYoungGen      total 368128K, used 365503K [0x000000076ab00000, 0x0000000782100000, 0x00000007c0000000)
  eden space 354816K, 100% used [0x000000076ab00000,0x0000000780580000,0x0000000780580000)
  from space 13312K, 80% used [0x0000000781300000,0x0000000781d6fcf0,0x0000000782000000)
  to   space 13824K, 0% used [0x0000000780580000,0x0000000780580000,0x0000000781300000)
 ParOldGen       total 159232K, used 36106K [0x00000006c0000000, 0x00000006c9b80000, 0x000000076ab00000)
  object space 159232K, 22% used [0x00000006c0000000,0x00000006c2342a30,0x00000006c9b80000)
 Metaspace       used 79918K, capacity 83835K, committed 83968K, reserved 1122304K
  class space    used 9973K, capacity 10724K, committed 10752K, reserved 1048576K
Event: 34.713 GC heap after
Heap after GC invocations=26 (full 3):
 PSYoungGen      total 368640K, used 13800K [0x000000076ab00000, 0x0000000785e80000, 0x00000007c0000000)
  eden space 354816K, 0% used [0x000000076ab00000,0x000000076ab00000,0x0000000780580000)
  from space 13824K, 99% used [0x0000000780580000,0x00000007812fa3f0,0x0000000781300000)
  to   space 16384K, 0% used [0x0000000784e80000,0x0000000784e80000,0x0000000785e80000)
 ParOldGen       total 159232K, used 37250K [0x00000006c0000000, 0x00000006c9b80000, 0x000000076ab00000)
  object space 159232K, 23% used [0x00000006c0000000,0x00000006c24608c0,0x00000006c9b80000)
 Metaspace       used 79918K, capacity 83835K, committed 83968K, reserved 1122304K
  class space    used 9973K, capacity 10724K, committed 10752K, reserved 1048576K
}

Deoptimization events (0 events):
No events

Classes redefined (8 events):
Event: 1.424 Thread 0x00007fa77701a800 redefined class name=com.zeroturnaround.jrebelbase.facade.bc, count=1
Event: 1.426 Thread 0x00007fa77701a800 redefined class name=com.zeroturnaround.jrebelbase.facade.aw, count=1
Event: 1.429 Thread 0x00007fa77701a800 redefined class name=com.zeroturnaround.jrebelbase.facade.a, count=1
Event: 1.432 Thread 0x00007fa77701a800 redefined class name=com.zeroturnaround.jrebelbase.d, count=1
Event: 1.435 Thread 0x00007fa77701a800 redefined class name=com.zeroturnaround.jrebelbase.facade.f, count=1
Event: 1.436 Thread 0x00007fa77701a800 redefined class name=com.zeroturnaround.jrebelbase.facade.e, count=1
Event: 1.437 Thread 0x00007fa77701a800 redefined class name=com.zeroturnaround.jrebelbase.facade.g, count=1
Event: 1.440 Thread 0x00007fa77701a800 redefined class name=com.zeroturnaround.jrebelbase.facade.af, count=1

Internal exceptions (10 events):
Event: 35.303 Thread 0x00007fa777017000 Exception <a 'java/lang/ArrayIndexOutOfBoundsException'> (0x000000076ffdab70) thrown at [/jenkins/workspace/8-2-build-macosx-x86_64/jdk8u281/880/hotspot/src/share/vm/runtime/sharedRuntime.cpp, line 609]
Event: 35.450 Thread 0x00007fa777017000 Exception <a 'java/lang/ArrayIndexOutOfBoundsException'> (0x0000000770d6e810) thrown at [/jenkins/workspace/8-2-build-macosx-x86_64/jdk8u281/880/hotspot/src/share/vm/runtime/sharedRuntime.cpp, line 609]
Event: 35.516 Thread 0x00007fa777017000 Exception <a 'java/lang/ArrayIndexOutOfBoundsException'> (0x0000000771a05170) thrown at [/jenkins/workspace/8-2-build-macosx-x86_64/jdk8u281/880/hotspot/src/share/vm/runtime/sharedRuntime.cpp, line 609]
Event: 35.653 Thread 0x00007fa777017000 Exception <a 'java/lang/ArrayIndexOutOfBoundsException'> (0x000000077263fee0) thrown at [/jenkins/workspace/8-2-build-macosx-x86_64/jdk8u281/880/hotspot/src/share/vm/runtime/sharedRuntime.cpp, line 609]
Event: 35.705 Thread 0x00007fa777017000 Exception <a 'java/lang/ArrayIndexOutOfBoundsException'> (0x000000077320b0f8) thrown at [/jenkins/workspace/8-2-build-macosx-x86_64/jdk8u281/880/hotspot/src/share/vm/runtime/sharedRuntime.cpp, line 609]
Event: 35.706 Thread 0x00007fa777017000 Exception <a 'java/lang/ArrayIndexOutOfBoundsException'> (0x0000000773237bd8) thrown at [/jenkins/workspace/8-2-build-macosx-x86_64/jdk8u281/880/hotspot/src/share/vm/runtime/sharedRuntime.cpp, line 609]
Event: 35.707 Thread 0x00007fa777017000 Exception <a 'java/lang/ArrayIndexOutOfBoundsException'> (0x00000007732dcda0) thrown at [/jenkins/workspace/8-2-build-macosx-x86_64/jdk8u281/880/hotspot/src/share/vm/runtime/sharedRuntime.cpp, line 609]
Event: 35.838 Thread 0x00007fa777017000 Exception <a 'java/lang/ArrayIndexOutOfBoundsException'> (0x000000077407d4e8) thrown at [/jenkins/workspace/8-2-build-macosx-x86_64/jdk8u281/880/hotspot/src/share/vm/runtime/sharedRuntime.cpp, line 609]
Event: 36.171 Thread 0x00007fa777017000 Exception <a 'java/lang/NoSuchMethodError': java.lang.Object.lambda$static$0(Lokhttp3/Route;Lokhttp3/Response;)Lokhttp3/Request;> (0x0000000776057bd8) thrown at [/jenkins/workspace/8-2-build-macosx-x86_64/jdk8u281/880/hotspot/src/share/vm/interpreter/link
Event: 36.187 Thread 0x00007fa777017000 Exception <a 'java/lang/NoSuchMethodError': java.lang.Object.lambda$static$0(Ljava/lang/String;)Ljava/util/List;> (0x0000000776125548) thrown at [/jenkins/workspace/8-2-build-macosx-x86_64/jdk8u281/880/hotspot/src/share/vm/interpreter/linkResolver.cpp, li

Events (10 events):
Event: 37.210 Thread 0x00007fa777017000 DEOPT PACKING pc=0x000000010987c3e4 sp=0x0000700003aa0520
Event: 37.210 Thread 0x00007fa777017000 DEOPT UNPACKING pc=0x000000010949b784 sp=0x0000700003aa02d0 mode 1
Event: 37.211 loading class org/redisson/Version
Event: 37.211 loading class org/redisson/Version done
Event: 37.211 Thread 0x00007fa777017000 DEOPT PACKING pc=0x00000001098b65f4 sp=0x0000700003aa0090
Event: 37.211 Thread 0x00007fa777017000 DEOPT UNPACKING pc=0x000000010949b784 sp=0x0000700003a9fe40 mode 1
Event: 37.211 Thread 0x00007fa777017000 DEOPT PACKING pc=0x000000010987c48c sp=0x0000700003aa0150
Event: 37.211 Thread 0x00007fa777017000 DEOPT UNPACKING pc=0x000000010949b784 sp=0x0000700003a9ff00 mode 1
Event: 37.211 Thread 0x00007fa777017000 DEOPT PACKING pc=0x000000010987c3e4 sp=0x0000700003aa0250
Event: 37.211 Thread 0x00007fa777017000 DEOPT UNPACKING pc=0x000000010949b784 sp=0x0000700003aa0000 mode 1


Dynamic libraries:
0x00007fff35087000 	/System/Library/Frameworks/Cocoa.framework/Versions/A/Cocoa
0x00007fff222ac000 	/System/Library/Frameworks/Security.framework/Versions/A/Security
0x00007fff33284000 	/System/Library/Frameworks/ApplicationServices.framework/Versions/A/ApplicationServices
0x00007fff2a535000 	/usr/lib/libz.1.dylib
0x00007fff2a5fd000 	/usr/lib/libSystem.B.dylib
0x00007fff20472000 	/System/Library/Frameworks/CoreFoundation.framework/Versions/A/CoreFoundation
0x00007fff2121f000 	/System/Library/Frameworks/Foundation.framework/Versions/C/Foundation
0x00007fff20292000 	/usr/lib/libobjc.A.dylib
0x00007fff22cd3000 	/System/Library/Frameworks/AppKit.framework/Versions/C/AppKit
0x00007fff25b6b000 	/System/Library/Frameworks/CoreData.framework/Versions/A/CoreData
0x00007fff23a36000 	/System/Library/PrivateFrameworks/UIFoundation.framework/Versions/A/UIFoundation
0x00007fff2fc63000 	/System/Library/PrivateFrameworks/RemoteViewServices.framework/Versions/A/RemoteViewServices
0x00007fff28a5c000 	/System/Library/PrivateFrameworks/XCTTargetBootstrap.framework/Versions/A/XCTTargetBootstrap
0x00007fff2b73d000 	/usr/lib/libspindump.dylib
0x00007fff23c8b000 	/System/Library/Frameworks/UniformTypeIdentifiers.framework/Versions/A/UniformTypeIdentifiers
0x00007fff27232000 	/usr/lib/libapp_launch_measurement.dylib
0x00007fff27235000 	/System/Library/PrivateFrameworks/CoreAutoLayout.framework/Versions/A/CoreAutoLayout
0x00007fff283be000 	/System/Library/Frameworks/Metal.framework/Versions/A/Metal
0x00007fff290ae000 	/usr/lib/liblangid.dylib
0x00007fff28a60000 	/System/Library/PrivateFrameworks/CoreSVG.framework/Versions/A/CoreSVG
0x00007fff24c72000 	/System/Library/PrivateFrameworks/SkyLight.framework/Versions/A/SkyLight
0x00007fff24fd9000 	/System/Library/Frameworks/CoreGraphics.framework/Versions/A/CoreGraphics
0x00007fff302ba000 	/System/Library/Frameworks/Accelerate.framework/Versions/A/Accelerate
0x00007fff2b178000 	/System/Library/PrivateFrameworks/IconServices.framework/Versions/A/IconServices
0x00007fff283a3000 	/System/Library/Frameworks/IOSurface.framework/Versions/A/IOSurface
0x00007fff264f4000 	/usr/lib/libDiagnosticMessagesClient.dylib
0x00007fff28a48000 	/System/Library/PrivateFrameworks/DFRFoundation.framework/Versions/A/DFRFoundation
0x00007fff225fe000 	/usr/lib/libicucore.A.dylib
0x00007fff2cc84000 	/System/Library/Frameworks/AudioToolbox.framework/Versions/A/AudioToolbox
0x00007fff2bf29000 	/System/Library/PrivateFrameworks/DataDetectorsCore.framework/Versions/A/DataDetectorsCore
0x00007fff28748000 	/System/Library/Frameworks/Carbon.framework/Versions/A/Frameworks/HIToolbox.framework/Versions/A/HIToolbox
0x00007fff26c8d000 	/System/Library/Frameworks/QuartzCore.framework/Versions/A/QuartzCore
0x00007fff2fc9f000 	/System/Library/Frameworks/Carbon.framework/Versions/A/Frameworks/SpeechRecognition.framework/Versions/A/SpeechRecognition
0x00007fff26f9a000 	/System/Library/PrivateFrameworks/CoreUI.framework/Versions/A/CoreUI
0x00007fff21c07000 	/System/Library/Frameworks/CoreAudio.framework/Versions/A/CoreAudio
0x00007fff265df000 	/System/Library/Frameworks/DiskArbitration.framework/Versions/A/DiskArbitration
0x00007fff2bb38000 	/System/Library/PrivateFrameworks/MultitouchSupport.framework/Versions/A/MultitouchSupport
0x00007fff2bf20000 	/System/Library/PrivateFrameworks/InternationalSupport.framework/Versions/A/InternationalSupport
0x00007fff24be6000 	/usr/lib/libenergytrace.dylib
0x00007fff22bcc000 	/System/Library/Frameworks/IOKit.framework/Versions/A/IOKit
0x00007fff2ffec000 	/System/Library/Frameworks/CoreServices.framework/Versions/A/CoreServices
0x00007fff271c8000 	/System/Library/PrivateFrameworks/PerformanceAnalysis.framework/Versions/A/PerformanceAnalysis
0x00007fff6c955000 	/System/Library/Frameworks/OpenGL.framework/Versions/A/OpenGL
0x00007fff2bfa5000 	/System/Library/PrivateFrameworks/UserActivity.framework/Versions/A/UserActivity
0x00007fff2566d000 	/System/Library/Frameworks/ColorSync.framework/Versions/A/ColorSync
0x00007fff28cc5000 	/System/Library/Frameworks/CoreImage.framework/Versions/A/CoreImage
0x00007fff21a1e000 	/System/Library/Frameworks/CoreText.framework/Versions/A/CoreText
0x00007fff28a8a000 	/System/Library/Frameworks/ImageIO.framework/Versions/A/ImageIO
0x00007fff2a603000 	/System/Library/PrivateFrameworks/SoftLinking.framework/Versions/A/SoftLinking
0x00007fff2727e000 	/usr/lib/libxml2.2.dylib
0x00007fff20357000 	/usr/lib/libc++.1.dylib
0x00007fff2a875000 	/usr/lib/libcompression.dylib
0x00007fff24be7000 	/usr/lib/libMobileGestalt.dylib
0x00007fff2be53000 	/System/Library/PrivateFrameworks/TextureIO.framework/Versions/A/TextureIO
0x00007fff2ae9b000 	/usr/lib/libate.dylib
0x00007fff2a5f7000 	/usr/lib/system/libcache.dylib
0x00007fff2a5b3000 	/usr/lib/system/libcommonCrypto.dylib
0x00007fff2a5dd000 	/usr/lib/system/libcompiler_rt.dylib
0x00007fff2a5d2000 	/usr/lib/system/libcopyfile.dylib
0x00007fff20180000 	/usr/lib/system/libcorecrypto.dylib
0x00007fff2024d000 	/usr/lib/system/libdispatch.dylib
0x00007fff20401000 	/usr/lib/system/libdyld.dylib
0x00007fff2a5ee000 	/usr/lib/system/libkeymgr.dylib
0x00007fff2da36000 	/usr/lib/system/liblaunch.dylib
0x00007fff2a591000 	/usr/lib/system/libmacho.dylib
0x00007fff29dab000 	/usr/lib/system/libquarantine.dylib
0x00007fff2a5eb000 	/usr/lib/system/libremovefile.dylib
0x00007fff24c43000 	/usr/lib/system/libsystem_asl.dylib
0x00007fff20130000 	/usr/lib/system/libsystem_blocks.dylib
0x00007fff202ce000 	/usr/lib/system/libsystem_c.dylib
0x00007fff2a5e5000 	/usr/lib/system/libsystem_collections.dylib
0x00007fff2909f000 	/usr/lib/system/libsystem_configuration.dylib
0x00007fff28392000 	/usr/lib/system/libsystem_containermanager.dylib
0x00007fff2a32d000 	/usr/lib/system/libsystem_coreservices.dylib
0x00007fff22860000 	/usr/lib/system/libsystem_darwin.dylib
0x00007fff2a5ef000 	/usr/lib/system/libsystem_dnssd.dylib
0x00007fff202cb000 	/usr/lib/system/libsystem_featureflags.dylib
0x00007fff20446000 	/usr/lib/system/libsystem_info.dylib
0x00007fff2a548000 	/usr/lib/system/libsystem_m.dylib
0x00007fff20220000 	/usr/lib/system/libsystem_malloc.dylib
0x00007fff24bd7000 	/usr/lib/system/libsystem_networkextension.dylib
0x00007fff22c7b000 	/usr/lib/system/libsystem_notify.dylib
0x00007fff2feea000 	/usr/lib/system/libsystem_product_info_filter.dylib
0x00007fff290a3000 	/usr/lib/system/libsystem_sandbox.dylib
0x00007fff2a5e8000 	/usr/lib/system/libsystem_secinit.dylib
0x00007fff203c6000 	/usr/lib/system/libsystem_kernel.dylib
0x00007fff2043c000 	/usr/lib/system/libsystem_platform.dylib
0x00007fff203f5000 	/usr/lib/system/libsystem_pthread.dylib
0x00007fff26342000 	/usr/lib/system/libsystem_symptoms.dylib
0x00007fff20168000 	/usr/lib/system/libsystem_trace.dylib
0x00007fff2a5bf000 	/usr/lib/system/libunwind.dylib
0x00007fff20132000 	/usr/lib/system/libxpc.dylib
0x00007fff203ad000 	/usr/lib/libc++abi.dylib
0x00007fff2a5ca000 	/usr/lib/liboah.dylib
0x00007fff2ac80000 	/usr/lib/liblzma.5.dylib
0x00007fff20f33000 	/System/Library/Frameworks/SystemConfiguration.framework/Versions/A/SystemConfiguration
0x00007fff2a5ff000 	/usr/lib/libfakelink.dylib
0x00007fff24739000 	/System/Library/Frameworks/CFNetwork.framework/Versions/A/CFNetwork
0x00007fff2a73f000 	/usr/lib/libarchive.2.dylib
0x00007fff20fb1000 	/usr/lib/libCRFSuite.dylib
0x00007fff29dd2000 	/usr/lib/libbsm.0.dylib
0x00007fff240f5000 	/usr/lib/libnetwork.dylib
0x00007fff2a604000 	/usr/lib/libpcap.A.dylib
0x00007fff2633b000 	/usr/lib/libdns_services.dylib
0x00007fff2ac99000 	/usr/lib/libcoretls_cfhelpers.dylib
0x00007fff2a843000 	/usr/lib/libapple_nghttp2.dylib
0x00007fff2a597000 	/usr/lib/system/libkxld.dylib
0x00007fff25fa1000 	/usr/lib/libsqlite3.dylib
0x00007fff2a30f000 	/System/Library/PrivateFrameworks/AppleFSCompression.framework/Versions/A/AppleFSCompression
0x00007fff29dba000 	/usr/lib/libcoretls.dylib
0x00007fff2a870000 	/usr/lib/libpam.2.dylib
0x00007fff2ad96000 	/usr/lib/libxar.1.dylib
0x00007fff290aa000 	/System/Library/PrivateFrameworks/AppleSystemInfo.framework/Versions/A/AppleSystemInfo
0x00007fff299fd000 	/System/Library/PrivateFrameworks/IOMobileFramebuffer.framework/Versions/A/IOMobileFramebuffer
0x00007fff2a31f000 	/usr/lib/libbz2.1.0.dylib
0x00007fff2a63c000 	/usr/lib/libiconv.2.dylib
0x00007fff2a590000 	/usr/lib/libcharset.1.dylib
0x00007fff27204000 	/System/Library/Frameworks/CoreServices.framework/Versions/A/Frameworks/FSEvents.framework/Versions/A/FSEvents
0x00007fff2286a000 	/System/Library/Frameworks/CoreServices.framework/Versions/A/Frameworks/CarbonCore.framework/Versions/A/CarbonCore
0x00007fff26544000 	/System/Library/Frameworks/CoreServices.framework/Versions/A/Frameworks/Metadata.framework/Versions/A/Metadata
0x00007fff2a332000 	/System/Library/Frameworks/CoreServices.framework/Versions/A/Frameworks/OSServices.framework/Versions/A/OSServices
0x00007fff2a7b1000 	/System/Library/Frameworks/CoreServices.framework/Versions/A/Frameworks/SearchKit.framework/Versions/A/SearchKit
0x00007fff262c5000 	/System/Library/Frameworks/CoreServices.framework/Versions/A/Frameworks/AE.framework/Versions/A/AE
0x00007fff2090e000 	/System/Library/Frameworks/CoreServices.framework/Versions/A/Frameworks/LaunchServices.framework/Versions/A/LaunchServices
0x00007fff2ac31000 	/System/Library/Frameworks/CoreServices.framework/Versions/A/Frameworks/DictionaryServices.framework/Versions/A/DictionaryServices
0x00007fff2720d000 	/System/Library/Frameworks/CoreServices.framework/Versions/A/Frameworks/SharedFileList.framework/Versions/A/SharedFileList
0x00007fff29dae000 	/usr/lib/libCheckFix.dylib
0x00007fff24c5a000 	/System/Library/PrivateFrameworks/TCC.framework/Versions/A/TCC
0x00007fff290b0000 	/System/Library/PrivateFrameworks/CoreNLP.framework/Versions/A/CoreNLP
0x00007fff264f7000 	/System/Library/PrivateFrameworks/MetadataUtilities.framework/Versions/A/MetadataUtilities
0x00007fff20fe7000 	/usr/lib/libmecabra.dylib
0x00007fff2a0c1000 	/System/Library/Frameworks/MLCompute.framework/Versions/A/MLCompute
0x00007fff29de3000 	/usr/lib/libmecab.dylib
0x00007fff29e2d000 	/usr/lib/libgermantok.dylib
0x00007fff2a819000 	/usr/lib/libThaiTokenizer.dylib
0x00007fff2add1000 	/usr/lib/libChineseTokenizer.dylib
0x00007fff2a86e000 	/System/Library/Frameworks/MetalPerformanceShaders.framework/Versions/A/MetalPerformanceShaders
0x00007fff265e6000 	/System/Library/Frameworks/Accelerate.framework/Versions/A/Frameworks/vImage.framework/Versions/A/vImage
0x00007fff2ffc5000 	/System/Library/Frameworks/Accelerate.framework/Versions/A/Frameworks/vecLib.framework/Versions/A/vecLib
0x00007fff2addc000 	/System/Library/Frameworks/Accelerate.framework/Versions/A/Frameworks/vecLib.framework/Versions/A/libvMisc.dylib
0x00007fff29816000 	/System/Library/Frameworks/Accelerate.framework/Versions/A/Frameworks/vecLib.framework/Versions/A/libvDSP.dylib
0x00007fff20c12000 	/System/Library/Frameworks/Accelerate.framework/Versions/A/Frameworks/vecLib.framework/Versions/A/libBLAS.dylib
0x00007fff2a894000 	/System/Library/Frameworks/Accelerate.framework/Versions/A/Frameworks/vecLib.framework/Versions/A/libLAPACK.dylib
0x00007fff29e33000 	/System/Library/Frameworks/Accelerate.framework/Versions/A/Frameworks/vecLib.framework/Versions/A/libLinearAlgebra.dylib
0x00007fff2a85b000 	/System/Library/Frameworks/Accelerate.framework/Versions/A/Frameworks/vecLib.framework/Versions/A/libSparseBLAS.dylib
0x00007fff2a88e000 	/System/Library/Frameworks/Accelerate.framework/Versions/A/Frameworks/vecLib.framework/Versions/A/libQuadrature.dylib
0x00007fff29158000 	/System/Library/Frameworks/Accelerate.framework/Versions/A/Frameworks/vecLib.framework/Versions/A/libBNNS.dylib
0x00007fff20ec4000 	/System/Library/Frameworks/Accelerate.framework/Versions/A/Frameworks/vecLib.framework/Versions/A/libSparse.dylib
0x00007fff29043000 	/System/Library/Frameworks/MetalPerformanceShaders.framework/Versions/A/Frameworks/MPSCore.framework/Versions/A/MPSCore
0x00007fff2a27e000 	/System/Library/Frameworks/MetalPerformanceShaders.framework/Versions/A/Frameworks/MPSImage.framework/Versions/A/MPSImage
0x00007fff29e49000 	/System/Library/Frameworks/MetalPerformanceShaders.framework/Versions/A/Frameworks/MPSNeuralNetwork.framework/Versions/A/MPSNeuralNetwork
0x00007fff2a209000 	/System/Library/Frameworks/MetalPerformanceShaders.framework/Versions/A/Frameworks/MPSMatrix.framework/Versions/A/MPSMatrix
0x00007fff2a071000 	/System/Library/Frameworks/MetalPerformanceShaders.framework/Versions/A/Frameworks/MPSRayIntersector.framework/Versions/A/MPSRayIntersector
0x00007fff2a240000 	/System/Library/Frameworks/MetalPerformanceShaders.framework/Versions/A/Frameworks/MPSNDArray.framework/Versions/A/MPSNDArray
0x00007fff20b3e000 	/System/Library/PrivateFrameworks/MetalTools.framework/Versions/A/MetalTools
0x00007fff290a8000 	/System/Library/PrivateFrameworks/AggregateDictionary.framework/Versions/A/AggregateDictionary
0x00007fff264cf000 	/System/Library/PrivateFrameworks/CoreAnalytics.framework/Versions/A/CoreAnalytics
0x00007fff2a81b000 	/System/Library/PrivateFrameworks/AppleSauce.framework/Versions/A/AppleSauce
0x00007fff283b5000 	/System/Library/PrivateFrameworks/IOAccelerator.framework/Versions/A/IOAccelerator
0x00007fff6c949000 	/System/Library/Frameworks/OpenGL.framework/Versions/A/Libraries/libCoreFSCache.dylib
0x00007fff21583000 	/System/Library/PrivateFrameworks/LanguageModeling.framework/Versions/A/LanguageModeling
0x00007fff299ea000 	/System/Library/PrivateFrameworks/CoreEmoji.framework/Versions/A/CoreEmoji
0x00007fff29151000 	/System/Library/PrivateFrameworks/LinguisticData.framework/Versions/A/LinguisticData
0x00007fff20e76000 	/System/Library/PrivateFrameworks/Lexicon.framework/Versions/A/Lexicon
0x00007fff2a72d000 	/usr/lib/libcmph.dylib
0x00007fff271e4000 	/System/Library/Frameworks/OpenDirectory.framework/Versions/A/Frameworks/CFOpenDirectory.framework/Versions/A/CFOpenDirectory
0x00007fff271d4000 	/System/Library/Frameworks/OpenDirectory.framework/Versions/A/OpenDirectory
0x00007fff2ac9b000 	/System/Library/PrivateFrameworks/APFS.framework/Versions/A/APFS
0x00007fff29d0f000 	/System/Library/Frameworks/SecurityFoundation.framework/Versions/A/SecurityFoundation
0x00007fff2ada4000 	/usr/lib/libutil.dylib
0x00007fff22b91000 	/System/Library/PrivateFrameworks/CoreServicesStore.framework/Versions/A/CoreServicesStore
0x00007fff29da6000 	/System/Library/Frameworks/ServiceManagement.framework/Versions/A/ServiceManagement
0x00007fff2ada8000 	/usr/lib/libxslt.1.dylib
0x00007fff29d9c000 	/System/Library/PrivateFrameworks/BackgroundTaskManagement.framework/Versions/A/BackgroundTaskManagement
0x00007fff2bd9d000 	/System/Library/Frameworks/ImageIO.framework/Versions/A/Resources/libRadiance.dylib
0x00007fff2bda7000 	/System/Library/Frameworks/ImageIO.framework/Versions/A/Resources/libJPEG.dylib
0x00007fff2bcf2000 	/System/Library/Frameworks/ImageIO.framework/Versions/A/Resources/libPng.dylib
0x00007fff2bd19000 	/System/Library/Frameworks/ImageIO.framework/Versions/A/Resources/libTIFF.dylib
0x00007fff2bdfc000 	/System/Library/Frameworks/ImageIO.framework/Versions/A/Resources/libGIF.dylib
0x00007fff2ba55000 	/System/Library/Frameworks/ImageIO.framework/Versions/A/Resources/libJP2.dylib
0x00007fff2b13f000 	/usr/lib/libexpat.1.dylib
0x00007fff2ba0a000 	/System/Library/PrivateFrameworks/AppleJPEG.framework/Versions/A/AppleJPEG
0x00007fff285eb000 	/System/Library/PrivateFrameworks/FontServices.framework/libFontParser.dylib
0x00007fff26279000 	/System/Library/PrivateFrameworks/RunningBoardServices.framework/Versions/A/RunningBoardServices
0x00007fff2bb34000 	/System/Library/PrivateFrameworks/WatchdogClient.framework/Versions/A/WatchdogClient
0x00007fff21670000 	/System/Library/Frameworks/CoreDisplay.framework/Versions/A/CoreDisplay
0x00007fff28501000 	/System/Library/Frameworks/CoreMedia.framework/Versions/A/CoreMedia
0x00007fff27361000 	/System/Library/Frameworks/CoreVideo.framework/Versions/A/CoreVideo
0x00007fff2bb6c000 	/System/Library/Frameworks/VideoToolbox.framework/Versions/A/VideoToolbox
0x00007fff261f7000 	/System/Library/PrivateFrameworks/BaseBoard.framework/Versions/A/BaseBoard
0x00007fff2b284000 	/System/Library/PrivateFrameworks/PersistentConnection.framework/Versions/A/PersistentConnection
0x00007fff25f8a000 	/System/Library/PrivateFrameworks/ProtocolBuffer.framework/Versions/A/ProtocolBuffer
0x00007fff261de000 	/System/Library/PrivateFrameworks/CommonUtilities.framework/Versions/A/CommonUtilities
0x00007fff2b99f000 	/System/Library/PrivateFrameworks/Bom.framework/Versions/A/Bom
0x00007fff2bd96000 	/System/Library/PrivateFrameworks/GPUWrangler.framework/Versions/A/GPUWrangler
0x00007fff2bd79000 	/System/Library/PrivateFrameworks/IOPresentment.framework/Versions/A/IOPresentment
0x00007fff2bda1000 	/System/Library/PrivateFrameworks/DSExternalDisplay.framework/Versions/A/DSExternalDisplay
0x00007fff2be01000 	/System/Library/PrivateFrameworks/CMCaptureCore.framework/Versions/A/CMCaptureCore
0x00007fff2b724000 	/System/Library/PrivateFrameworks/AppServerSupport.framework/Versions/A/AppServerSupport
0x00007fff2d7d5000 	/System/Library/PrivateFrameworks/perfdata.framework/Versions/A/perfdata
0x00007fff29cfe000 	/System/Library/PrivateFrameworks/AssertionServices.framework/Versions/A/AssertionServices
0x00007fff217a7000 	/System/Library/PrivateFrameworks/AudioToolboxCore.framework/Versions/A/AudioToolboxCore
0x00007fff284e4000 	/System/Library/PrivateFrameworks/caulk.framework/Versions/A/caulk
0x00007fff3d480000 	/System/Library/PrivateFrameworks/SystemPolicy.framework/Versions/A/SystemPolicy
0x00007fff2af34000 	/usr/lib/libIOReport.dylib
0x00007fff2cff7000 	/usr/lib/libSMC.dylib
0x00007fff2bcbf000 	/usr/lib/libAudioToolboxUtility.dylib
0x00007fff3ddea000 	/usr/lib/libmis.dylib
0x00007fff6c9a5000 	/System/Library/Frameworks/OpenGL.framework/Versions/A/Libraries/libGLU.dylib
0x00007fff6c968000 	/System/Library/Frameworks/OpenGL.framework/Versions/A/Libraries/libGFXShared.dylib
0x00007fff6cb77000 	/System/Library/Frameworks/OpenGL.framework/Versions/A/Libraries/libGL.dylib
0x00007fff6c971000 	/System/Library/Frameworks/OpenGL.framework/Versions/A/Libraries/libGLImage.dylib
0x00007fff6c965000 	/System/Library/Frameworks/OpenGL.framework/Versions/A/Libraries/libCVMSPluginSupport.dylib
0x00007fff6c950000 	/System/Library/Frameworks/OpenGL.framework/Versions/A/Libraries/libCoreVMClient.dylib
0x00007fff6dfb8000 	/System/Library/Frameworks/OpenCL.framework/Versions/A/OpenCL
0x00007fff2b2ae000 	/System/Library/PrivateFrameworks/GraphVisualizer.framework/Versions/A/GraphVisualizer
0x00007fff2b2bd000 	/System/Library/PrivateFrameworks/FaceCore.framework/Versions/A/FaceCore
0x00007fff2b6d9000 	/System/Library/PrivateFrameworks/OTSVG.framework/Versions/A/OTSVG
0x00007fff26f58000 	/System/Library/Frameworks/ApplicationServices.framework/Versions/A/Frameworks/ATS.framework/Versions/A/Resources/libFontRegistry.dylib
0x00007fff2b72b000 	/System/Library/PrivateFrameworks/FontServices.framework/libhvf.dylib
0x00007fff2b0eb000 	/System/Library/PrivateFrameworks/AppleVA.framework/Versions/A/AppleVA
0x00007fff2ce40000 	/System/Library/Frameworks/ApplicationServices.framework/Versions/A/Frameworks/ATS.framework/Versions/A/ATS
0x00007fff2d152000 	/System/Library/Frameworks/ApplicationServices.framework/Versions/A/Frameworks/ColorSyncLegacy.framework/Versions/A/ColorSyncLegacy
0x00007fff25764000 	/System/Library/Frameworks/ApplicationServices.framework/Versions/A/Frameworks/HIServices.framework/Versions/A/HIServices
0x00007fff2d137000 	/System/Library/Frameworks/ApplicationServices.framework/Versions/A/Frameworks/LangAnalysis.framework/Versions/A/LangAnalysis
0x00007fff2be0b000 	/System/Library/Frameworks/ApplicationServices.framework/Versions/A/Frameworks/PrintCore.framework/Versions/A/PrintCore
0x00007fff2d15a000 	/System/Library/Frameworks/ApplicationServices.framework/Versions/A/Frameworks/QD.framework/Versions/A/QD
0x00007fff2ce30000 	/System/Library/Frameworks/ApplicationServices.framework/Versions/A/Frameworks/SpeechSynthesis.framework/Versions/A/SpeechSynthesis
0x00007fff2bdcc000 	/System/Library/Frameworks/ApplicationServices.framework/Versions/A/Frameworks/ATSUI.framework/Versions/A/ATSUI
0x00007fff2d0d7000 	/usr/lib/libcups.2.dylib
0x00007fff2d147000 	/System/Library/PrivateFrameworks/NetAuth.framework/Versions/A/NetAuth
0x00007fff2d7f1000 	/System/Library/Frameworks/Kerberos.framework/Versions/A/Kerberos
0x00007fff2d801000 	/System/Library/Frameworks/GSS.framework/Versions/A/GSS
0x00007fff2ceac000 	/usr/lib/libresolv.9.dylib
0x00007fff2b740000 	/System/Library/PrivateFrameworks/Heimdal.framework/Versions/A/Heimdal
0x00007fff33585000 	/System/Library/Frameworks/Kerberos.framework/Versions/A/Libraries/libHeimdalProxy.dylib
0x00007fff2634a000 	/System/Library/Frameworks/Network.framework/Versions/A/Network
0x00007fff2b159000 	/usr/lib/libheimdal-asn1.dylib
0x00007fff2d851000 	/System/Library/PrivateFrameworks/CommonAuth.framework/Versions/A/CommonAuth
0x00007fff273ae000 	/System/Library/PrivateFrameworks/login.framework/Versions/A/Frameworks/loginsupport.framework/Versions/A/loginsupport
0x00007fff2cdb5000 	/System/Library/PrivateFrameworks/AudioSession.framework/Versions/A/AudioSession
0x00007fff2ce1d000 	/usr/lib/libAudioStatistics.dylib
0x00007fff2b1e6000 	/System/Library/PrivateFrameworks/MediaExperience.framework/Versions/A/MediaExperience
0x00007fff2cc52000 	/System/Library/PrivateFrameworks/AudioSession.framework/libSessionUtility.dylib
0x00007fff2d7e2000 	/usr/lib/libperfcheck.dylib
0x00007fff2d166000 	/System/Library/PrivateFrameworks/AudioResourceArbitration.framework/Versions/A/AudioResourceArbitration
0x00007fff2b163000 	/System/Library/PrivateFrameworks/IconFoundation.framework/Versions/A/IconFoundation
0x00007fff2fc8f000 	/System/Library/PrivateFrameworks/SpeechRecognitionCore.framework/Versions/A/SpeechRecognitionCore
0x00007fff5dda3000 	/System/Library/CoreServices/Encodings/libSimplifiedChineseConverter.dylib
0x0000000108000000 	/Library/Java/JavaVirtualMachines/jdk1.8.0_281.jdk/Contents/Home/jre/lib/server/libjvm.dylib
0x0000000105ae5000 	/Library/Java/JavaVirtualMachines/jdk1.8.0_281.jdk/Contents/Home/jre/lib/libverify.dylib
0x0000000105af6000 	/Library/Java/JavaVirtualMachines/jdk1.8.0_281.jdk/Contents/Home/jre/lib/libjava.dylib
0x0000000105b2a000 	/Library/Java/JavaVirtualMachines/jdk1.8.0_281.jdk/Contents/Home/jre/lib/libjdwp.dylib
0x0000000105b74000 	/Library/Java/JavaVirtualMachines/jdk1.8.0_281.jdk/Contents/Home/jre/lib/libnpt.dylib
0x0000000105b7d000 	/private/var/folders/h1/pb73wdk95dx9c7n1y_yydpr80000gn/T/jrebel-JRebel-202102261201-griffin/lib/libjrebel64.dylib
0x0000000105bb1000 	/Library/Java/JavaVirtualMachines/jdk1.8.0_281.jdk/Contents/Home/jre/lib/libinstrument.dylib
0x0000000105c20000 	/Library/Java/JavaVirtualMachines/jdk1.8.0_281.jdk/Contents/Home/jre/lib/libzip.dylib
0x00000001090bf000 	/Library/Java/JavaVirtualMachines/jdk1.8.0_281.jdk/Contents/Home/jre/lib/libdt_socket.dylib
0x00000001241c9000 	/Library/Java/JavaVirtualMachines/jdk1.8.0_281.jdk/Contents/Home/jre/lib/libmanagement.dylib
0x00000001241da000 	/Library/Java/JavaVirtualMachines/jdk1.8.0_281.jdk/Contents/Home/jre/lib/libnio.dylib
0x00000001241ec000 	/Library/Java/JavaVirtualMachines/jdk1.8.0_281.jdk/Contents/Home/jre/lib/libnet.dylib
0x00000001247a3000 	/Library/Java/JavaVirtualMachines/jdk1.8.0_281.jdk/Contents/Home/jre/lib/libsunec.dylib

VM Arguments:
jvm_args: -agentlib:jdwp=transport=dt_socket,address=127.0.0.1:52166,suspend=y,server=n -Drebel.base=/Users/wwb/.jrebel -Drebel.env.ide.plugin.version=2021.1.2 -Drebel.env.ide.version=2020.3.2 -Drebel.env.ide.product=IU -Drebel.env.ide=intellij -Drebel.notification.url=http://localhost:17434 -agentpath:/var/folders/h1/pb73wdk95dx9c7n1y_yydpr80000gn/T/jrebel-JRebel-202102261201-griffin/lib/libjrebel64.dylib -Dspring.datasource.druid.url=jdbc:mysql://127.0.0.1/activity_engine?serverTimezone=UTC&useUnicode=true&characterEncoding=utf-8 -Dspring.datasource.druid.username=root -Dspring.datasource.druid.password=admin -Dspring.redis.host=127.0.0.1 -Dspring.redis.port=6379 -Dspring.redis.database=0 -Dspring.redis.password=icu -Dserver.port=8081 -XX:TieredStopAtLevel=1 -Xverify:none -Dspring.output.ansi.enabled=always -javaagent:/Users/wwb/Library/Caches/JetBrains/IntelliJIdea2020.3/captureAgent/debugger-agent.jar -Dcom.sun.management.jmxremote -Dspring.jmx.enabled=true -Dspring.liveBeansView.mbeanDomain -Dspring.application.admin.enabled=true -Dfile.encoding=UTF-8 
java_command: com.chaoxing.activity.ActivityApiApplication
java_class_path (initial): /Library/Java/JavaVirtualMachines/jdk1.8.0_281.jdk/Contents/Home/jre/lib/charsets.jar:/Library/Java/JavaVirtualMachines/jdk1.8.0_281.jdk/Contents/Home/jre/lib/deploy.jar:/Library/Java/JavaVirtualMachines/jdk1.8.0_281.jdk/Contents/Home/jre/lib/ext/cldrdata.jar:/Library/Java/JavaVirtualMachines/jdk1.8.0_281.jdk/Contents/Home/jre/lib/ext/dnsns.jar:/Library/Java/JavaVirtualMachines/jdk1.8.0_281.jdk/Contents/Home/jre/lib/ext/jaccess.jar:/Library/Java/JavaVirtualMachines/jdk1.8.0_281.jdk/Contents/Home/jre/lib/ext/jfxrt.jar:/Library/Java/JavaVirtualMachines/jdk1.8.0_281.jdk/Contents/Home/jre/lib/ext/localedata.jar:/Library/Java/JavaVirtualMachines/jdk1.8.0_281.jdk/Contents/Home/jre/lib/ext/nashorn.jar:/Library/Java/JavaVirtualMachines/jdk1.8.0_281.jdk/Contents/Home/jre/lib/ext/sunec.jar:/Library/Java/JavaVirtualMachines/jdk1.8.0_281.jdk/Contents/Home/jre/lib/ext/sunjce_provider.jar:/Library/Java/JavaVirtualMachines/jdk1.8.0_281.jdk/Contents/Home/jre/lib/ext/sunpkcs11.jar:/Library/Java/JavaVirtualMachines/jdk1.8.0_281.jdk/Contents/Home/jre/lib/ext/zipfs.jar:/Library/Java/JavaVirtualMachines/jdk1.8.0_281.jdk/Contents/Home/jre/lib/javaws.jar:/Library/Java/JavaVirtualMachines/jdk1.8.0_281.jdk/Contents/Home/jre/lib/jce.jar:/Library/Java/JavaVirtualMachines/jdk1.8.0_281.jdk/Contents/Home/jre/lib/jfr.jar:/Library/Java/JavaVirtualMachines/jdk1.8.0_281.jdk/Contents/Home/jre/lib/jfxswt.jar:/Library/Java/JavaVirtualMachines/jdk1.8.0_281.jdk/Contents/Home/jre/lib/jsse.jar:/Library/Java/JavaVirtualMachines/jdk1.8.0_281.jdk/Contents/Home/jre/lib/management-agent.jar:/Library/Java/JavaVirtualMachines/jdk1.8.0_281.jdk/Contents/Home/jre/lib/plugin.jar:/Library/Java/JavaVirtualMachines/jdk1.8.0_281.jdk/Contents/Home/jre/lib/resources.jar:/Library/Java/JavaVirtualMachines/jdk1.8.0_281.jdk/Contents/Home/jre/lib/rt.jar:/Library/Java/JavaVirtualMachines/jdk1.8.0_281.jdk/Contents/Home/lib/ant-javafx.jar:/Library/Java/JavaVirtualMachines/jdk1.8.0_281.jdk/Contents/Home
Launcher Type: SUN_STANDARD

Environment Variables:
JAVA_HOME=/Library/Java/JavaVirtualMachines/jdk1.8.0_281.jdk/Contents/Home
PATH=/usr/local/bin:/usr/local/sbin:/usr/local/bin:/usr/bin:/bin:/usr/sbin:/sbin:/Users/wwb/Applications/Maven/apache-maven-3.6.3/bin
SHELL=/bin/zsh

Signal Handlers:
SIGSEGV: [libjvm.dylib+0x5a1f9b], sa_mask[0]=11111111011111110111111111111111, sa_flags=SA_ONSTACK|SA_RESTART|SA_SIGINFO
SIGBUS: [libjvm.dylib+0x5a1f9b], sa_mask[0]=11111111011111110111111111111111, sa_flags=SA_RESTART|SA_SIGINFO
SIGFPE: [libjvm.dylib+0x492701], sa_mask[0]=11111111011111110111111111111111, sa_flags=SA_RESTART|SA_SIGINFO
SIGPIPE: [libjvm.dylib+0x492701], sa_mask[0]=11111111011111110111111111111111, sa_flags=SA_RESTART|SA_SIGINFO
SIGXFSZ: [libjvm.dylib+0x492701], sa_mask[0]=11111111011111110111111111111111, sa_flags=SA_RESTART|SA_SIGINFO
SIGILL: [libjvm.dylib+0x492701], sa_mask[0]=11111111011111110111111111111111, sa_flags=SA_RESTART|SA_SIGINFO
SIGUSR1: SIG_DFL, sa_mask[0]=00000000000000000000000000000000, sa_flags=none
SIGUSR2: [libjvm.dylib+0x492ffa], sa_mask[0]=00100000000000000000000000000000, sa_flags=SA_RESTART|SA_SIGINFO
SIGHUP: [libjvm.dylib+0x491209], sa_mask[0]=11111111011111110111111111111111, sa_flags=SA_RESTART|SA_SIGINFO
SIGINT: [libjvm.dylib+0x491209], sa_mask[0]=11111111011111110111111111111111, sa_flags=SA_RESTART|SA_SIGINFO
SIGTERM: [libjvm.dylib+0x491209], sa_mask[0]=11111111011111110111111111111111, sa_flags=SA_RESTART|SA_SIGINFO
SIGQUIT: [libjvm.dylib+0x491209], sa_mask[0]=11111111011111110111111111111111, sa_flags=SA_RESTART|SA_SIGINFO


---------------  S Y S T E M  ---------------

OS:Bsduname:Darwin 20.3.0 Darwin Kernel Version 20.3.0: Thu Jan 21 00:07:06 PST 2021; root:xnu-7195.81.3~1/RELEASE_X86_64 x86_64
rlimit: STACK 8192k, CORE 0k, NPROC 2784, NOFILE 10240, AS infinity
load average:9.07 5.68 5.03

CPU:total 4 (initial active 4) (4 cores per cpu, 1 threads per core) family 6 model 158 stepping 9, cmov, cx8, fxsr, mmx, sse, sse2, sse3, ssse3, sse4.1, sse4.2, popcnt, avx, avx2, aes, clmul, erms, 3dnowpref, lzcnt, tsc, tscinvbit, bmi1, bmi2, adx

Memory: 4k page, physical 16777216k(196460k free)

/proc/meminfo:


vm_info: Java HotSpot(TM) 64-Bit Server VM (25.281-b09) for bsd-amd64 JRE (1.8.0_281-b09), built on Dec  9 2020 12:44:49 by "java_re" with gcc 4.2.1 Compatible Apple LLVM 10.0.0 (clang-1000.11.45.5)

time: Tue Mar 16 19:16:18 2021
timezone: CST
elapsed time: 37.232934 seconds (0d 0h 0m 37s)

